
**** Build of configuration Debug for project Counter ****

"C:\\ti\\ccs1110\\ccs\\utils\\bin\\gmake" -k -j 16 all -O 
 
Building file: "../main.c"
Invoking: Arm Compiler
"C:/ti/ccs1110/ccs/tools/compiler/ti-cgt-arm_20.2.5.LTS/bin/armcl" -mv4 --code_state=32 --include_path="C:/Users/Henry/OneDrive/Desktop/TI/Projects/Counter" --include_path="C:/ti/ccs1110/ccs/tools/compiler/ti-cgt-arm_20.2.5.LTS/include" -g --diag_warning=225 --diag_wrap=off --display_error_number --preproc_with_compile --preproc_dependency="main.d_raw"  "../main.c"
Finished building: "../main.c"
 
Building target: "Counter.out"
Invoking: Arm Linker
"C:/ti/ccs1110/ccs/tools/compiler/ti-cgt-arm_20.2.5.LTS/bin/armcl" -mv4 --code_state=32 -g --diag_warning=225 --diag_wrap=off --display_error_number -z -m"Counter.map" -i"C:/ti/ccs1110/ccs/tools/compiler/ti-cgt-arm_20.2.5.LTS/lib" -i"C:/ti/ccs1110/ccs/tools/compiler/ti-cgt-arm_20.2.5.LTS/include" --reread_libs --diag_wrap=off --display_error_number --warn_sections --xml_link_info="Counter_linkInfo.xml" --rom_model -o "Counter.out" "./main.obj"  -llibc.a 
<Linking>
warning #10366-D: automatic library build: using library "C:\ti\ccs1110\ccs\tools\compiler\ti-cgt-arm_20.2.5.LTS\lib\rtsv4_A_be_eabi.lib" for the first time, so it must be built.  This may take a few minutes.
Creating library c:/users/henry/appdata/local/temp/ti_mkl~1/rtsv4_a_be_eabi.lib
warning #10247-D: creating output section ".text" without a SECTIONS specification
warning #10210-D: creating ".stack" section with default size of 0x800; use the -stack option to change the default size
Finished building target: "Counter.out"
 

**** Build Finished ****

**** Build of configuration Debug for project Counter ****

"C:\\ti\\ccs1110\\ccs\\utils\\bin\\gmake" -k -j 16 all -O 
 
gmake[1]: 'Counter.out' is up to date.

**** Build Finished ****

**** Build of configuration Debug for project Counter ****

"C:\\ti\\ccs1110\\ccs\\utils\\bin\\gmake" -k -j 16 all -O 
 
gmake[1]: 'Counter.out' is up to date.

**** Build Finished ****

**** Build of configuration Debug for project Counter ****

"C:\\ti\\ccs1110\\ccs\\utils\\bin\\gmake" -k -j 16 all -O 
 
gmake[1]: 'Counter.out' is up to date.

**** Build Finished ****

**** Build of configuration Debug for project Counter ****

"C:\\ti\\ccs1110\\ccs\\utils\\bin\\gmake" -k -j 16 all -O 
 
gmake[1]: 'Counter.out' is up to date.

**** Build Finished ****

**** Build of configuration Debug for project Counter ****

"C:\\ti\\ccs1110\\ccs\\utils\\bin\\gmake" -k -j 16 all -O 
 
gmake[1]: 'Counter.out' is up to date.

**** Build Finished ****

**** Build of configuration Debug for project Counter ****

"C:\\ti\\ccs1110\\ccs\\utils\\bin\\gmake" -k -j 16 all -O 
 
gmake[1]: 'Counter.out' is up to date.

**** Build Finished ****

**** Build of configuration Debug for project Counter ****

"C:\\ti\\ccs1110\\ccs\\utils\\bin\\gmake" -k -j 16 all -O 
 
gmake[1]: 'Counter.out' is up to date.

**** Build Finished ****

**** Build of configuration Debug for project Counter ****

"C:\\ti\\ccs1110\\ccs\\utils\\bin\\gmake" -k -j 16 all -O 
 
gmake[1]: 'Counter.out' is up to date.

**** Build Finished ****

**** Build of configuration Debug for project Counter ****

"C:\\ti\\ccs1110\\ccs\\utils\\bin\\gmake" -k -j 16 all -O 
 
gmake[1]: 'Counter.out' is up to date.

**** Build Finished ****

**** Build of configuration Debug for project Counter ****

"C:\\ti\\ccs1110\\ccs\\utils\\bin\\gmake" -k -j 16 all -O 
 
Building file: "../main.c"
Invoking: Arm Compiler
"C:/ti/ccs1110/ccs/tools/compiler/ti-cgt-arm_20.2.5.LTS/bin/armcl" -mv7M4 --code_state=16 --float_support=FPv4SPD16 --include_path="C:/Users/Henry/OneDrive/Desktop/TI/Projects/Counter" --include_path="C:/ti/ccs1110/ccs/tools/compiler/ti-cgt-arm_20.2.5.LTS/include" --define=ccs="ccs" --define=PART_TM4C123GH6PM -g --gcc --diag_warning=225 --diag_wrap=off --display_error_number --abi=eabi --preproc_with_compile --preproc_dependency="main.d_raw"  "../main.c"
Finished building: "../main.c"
 
Building file: "../tm4c123gh6pm_startup_ccs.c"
Invoking: Arm Compiler
"C:/ti/ccs1110/ccs/tools/compiler/ti-cgt-arm_20.2.5.LTS/bin/armcl" -mv7M4 --code_state=16 --float_support=FPv4SPD16 --include_path="C:/Users/Henry/OneDrive/Desktop/TI/Projects/Counter" --include_path="C:/ti/ccs1110/ccs/tools/compiler/ti-cgt-arm_20.2.5.LTS/include" --define=ccs="ccs" --define=PART_TM4C123GH6PM -g --gcc --diag_warning=225 --diag_wrap=off --display_error_number --abi=eabi --preproc_with_compile --preproc_dependency="tm4c123gh6pm_startup_ccs.d_raw"  "../tm4c123gh6pm_startup_ccs.c"
Finished building: "../tm4c123gh6pm_startup_ccs.c"
 
Building file: "../main.c"
Invoking: Arm Compiler
"C:/ti/ccs1110/ccs/tools/compiler/ti-cgt-arm_20.2.5.LTS/bin/armcl" -mv7M4 --code_state=16 --float_support=FPv4SPD16 --include_path="C:/Users/Henry/OneDrive/Desktop/TI/Projects/Counter" --include_path="C:/ti/ccs1110/ccs/tools/compiler/ti-cgt-arm_20.2.5.LTS/include" --define=ccs="ccs" --define=PART_TM4C123GH6PM -g --gcc --diag_warning=225 --diag_wrap=off --display_error_number --abi=eabi --preproc_with_compile --preproc_dependency="main.d_raw"  "../main.c"
Finished building: "../main.c"
 
Building target: "Counter.out"
Invoking: Arm Linker
"C:/ti/ccs1110/ccs/tools/compiler/ti-cgt-arm_20.2.5.LTS/bin/armcl" -mv7M4 --code_state=16 --float_support=FPv4SPD16 --define=ccs="ccs" --define=PART_TM4C123GH6PM -g --gcc --diag_warning=225 --diag_wrap=off --display_error_number --abi=eabi -z -m"Counter.map" --heap_size=0 --stack_size=512 -i"C:/ti/ccs1110/ccs/tools/compiler/ti-cgt-arm_20.2.5.LTS/lib" -i"C:/ti/ccs1110/ccs/tools/compiler/ti-cgt-arm_20.2.5.LTS/include" --reread_libs --diag_wrap=off --display_error_number --warn_sections --xml_link_info="Counter_linkInfo.xml" --rom_model -o "Counter.out" "./main.obj" "./tm4c123gh6pm_startup_ccs.obj"  -llibc.a 
<Linking>
warning #10366-D: automatic library build: using library "C:\ti\ccs1110\ccs\tools\compiler\ti-cgt-arm_20.2.5.LTS\lib\rtsv7M4_T_be_v4SPD16_eabi.lib" for the first time, so it must be built.  This may take a few minutes.
Creating library c:/users/henry/appdata/local/temp/ti_mkl~1/rtsv7m4_t_be_v4spd16_eabi.lib
warning #10247-D: creating output section ".text" without a SECTIONS specification
warning #10247-D: creating output section ".stack" without a SECTIONS specification
Finished building target: "Counter.out"
 

**** Build Finished ****

**** Build of configuration Debug for project Counter ****

"C:\\ti\\ccs1110\\ccs\\utils\\bin\\gmake" -k -j 16 all -O 
 
Building file: "../main.c"
Invoking: Arm Compiler
"C:/ti/ccs1110/ccs/tools/compiler/ti-cgt-arm_20.2.5.LTS/bin/armcl" -mv7M4 --code_state=16 --float_support=FPv4SPD16 --include_path="C:/Users/Henry/OneDrive/Desktop/TI/Projects/Counter" --include_path="C:/ti/ccs1110/ccs/tools/compiler/ti-cgt-arm_20.2.5.LTS/include" --define=ccs="ccs" --define=PART_TM4C123GH6PM -g --gcc --diag_warning=225 --diag_wrap=off --display_error_number --abi=eabi --preproc_with_compile --preproc_dependency="main.d_raw"  "../main.c"
Finished building: "../main.c"
 
Building file: "../main.c"
Invoking: Arm Compiler
"C:/ti/ccs1110/ccs/tools/compiler/ti-cgt-arm_20.2.5.LTS/bin/armcl" -mv7M4 --code_state=16 --float_support=FPv4SPD16 --include_path="C:/Users/Henry/OneDrive/Desktop/TI/Projects/Counter" --include_path="C:/ti/ccs1110/ccs/tools/compiler/ti-cgt-arm_20.2.5.LTS/include" --define=ccs="ccs" --define=PART_TM4C123GH6PM -g --gcc --diag_warning=225 --diag_wrap=off --display_error_number --abi=eabi --preproc_with_compile --preproc_dependency="main.d_raw"  "../main.c"
Finished building: "../main.c"
 
Building target: "Counter.out"
Invoking: Arm Linker
"C:/ti/ccs1110/ccs/tools/compiler/ti-cgt-arm_20.2.5.LTS/bin/armcl" -mv7M4 --code_state=16 --float_support=FPv4SPD16 --define=ccs="ccs" --define=PART_TM4C123GH6PM -g --gcc --diag_warning=225 --diag_wrap=off --display_error_number --abi=eabi -z -m"Counter.map" --heap_size=0 --stack_size=512 -i"C:/ti/ccs1110/ccs/tools/compiler/ti-cgt-arm_20.2.5.LTS/lib" -i"C:/ti/ccs1110/ccs/tools/compiler/ti-cgt-arm_20.2.5.LTS/include" --reread_libs --diag_wrap=off --display_error_number --warn_sections --xml_link_info="Counter_linkInfo.xml" --rom_model -o "Counter.out" "./main.obj" "./tm4c123gh6pm_startup_ccs.obj"  -llibc.a 
<Linking>
warning #10247-D: creating output section ".text" without a SECTIONS specification
warning #10247-D: creating output section ".stack" without a SECTIONS specification
Finished building target: "Counter.out"
 

**** Build Finished ****

**** Build of configuration Debug for project Counter ****

"C:\\ti\\ccs1110\\ccs\\utils\\bin\\gmake" -k -j 16 all -O 
 
Building file: "../main.c"
Invoking: Arm Compiler
"C:/ti/ccs1110/ccs/tools/compiler/ti-cgt-arm_20.2.5.LTS/bin/armcl" -mv7M4 --code_state=16 --float_support=FPv4SPD16 --include_path="C:/Users/Henry/OneDrive/Desktop/TI/Projects/Counter" --include_path="C:/ti/ccs1110/ccs/tools/compiler/ti-cgt-arm_20.2.5.LTS/include" --define=ccs="ccs" --define=PART_TM4C123GH6PM -g --gcc --diag_warning=225 --diag_wrap=off --display_error_number --abi=eabi --preproc_with_compile --preproc_dependency="main.d_raw"  "../main.c"
Finished building: "../main.c"
 
Building file: "../main.c"
Invoking: Arm Compiler
"C:/ti/ccs1110/ccs/tools/compiler/ti-cgt-arm_20.2.5.LTS/bin/armcl" -mv7M4 --code_state=16 --float_support=FPv4SPD16 --include_path="C:/Users/Henry/OneDrive/Desktop/TI/Projects/Counter" --include_path="C:/ti/ccs1110/ccs/tools/compiler/ti-cgt-arm_20.2.5.LTS/include" --define=ccs="ccs" --define=PART_TM4C123GH6PM -g --gcc --diag_warning=225 --diag_wrap=off --display_error_number --abi=eabi --preproc_with_compile --preproc_dependency="main.d_raw"  "../main.c"
Finished building: "../main.c"
 
Building target: "Counter.out"
Invoking: Arm Linker
"C:/ti/ccs1110/ccs/tools/compiler/ti-cgt-arm_20.2.5.LTS/bin/armcl" -mv7M4 --code_state=16 --float_support=FPv4SPD16 --define=ccs="ccs" --define=PART_TM4C123GH6PM -g --gcc --diag_warning=225 --diag_wrap=off --display_error_number --abi=eabi -z -m"Counter.map" --heap_size=0 --stack_size=512 -i"C:/ti/ccs1110/ccs/tools/compiler/ti-cgt-arm_20.2.5.LTS/lib" -i"C:/ti/ccs1110/ccs/tools/compiler/ti-cgt-arm_20.2.5.LTS/include" --reread_libs --diag_wrap=off --display_error_number --warn_sections --xml_link_info="Counter_linkInfo.xml" --rom_model -o "Counter.out" "./main.obj" "./tm4c123gh6pm_startup_ccs.obj"  -llibc.a 
<Linking>
warning #10247-D: creating output section ".text" without a SECTIONS specification
warning #10247-D: creating output section ".stack" without a SECTIONS specification
Finished building target: "Counter.out"
 

**** Build Finished ****

**** Build of configuration Debug for project Counter ****

"C:\\ti\\ccs1110\\ccs\\utils\\bin\\gmake" -k -j 16 all -O 
 
Building file: "../main.c"
Invoking: Arm Compiler
"C:/ti/ccs1110/ccs/tools/compiler/ti-cgt-arm_20.2.5.LTS/bin/armcl" -mv7M4 --code_state=16 --float_support=FPv4SPD16 --include_path="C:/Users/Henry/OneDrive/Desktop/TI/Projects/Counter" --include_path="C:/ti/ccs1110/ccs/tools/compiler/ti-cgt-arm_20.2.5.LTS/include" --define=ccs="ccs" --define=PART_TM4C123GH6PM -g --gcc --diag_warning=225 --diag_wrap=off --display_error_number --abi=eabi --preproc_with_compile --preproc_dependency="main.d_raw"  "../main.c"
Finished building: "../main.c"
 
Building file: "../main.c"
Invoking: Arm Compiler
"C:/ti/ccs1110/ccs/tools/compiler/ti-cgt-arm_20.2.5.LTS/bin/armcl" -mv7M4 --code_state=16 --float_support=FPv4SPD16 --include_path="C:/Users/Henry/OneDrive/Desktop/TI/Projects/Counter" --include_path="C:/ti/ccs1110/ccs/tools/compiler/ti-cgt-arm_20.2.5.LTS/include" --define=ccs="ccs" --define=PART_TM4C123GH6PM -g --gcc --diag_warning=225 --diag_wrap=off --display_error_number --abi=eabi --preproc_with_compile --preproc_dependency="main.d_raw"  "../main.c"
Finished building: "../main.c"
 
Building target: "Counter.out"
Invoking: Arm Linker
"C:/ti/ccs1110/ccs/tools/compiler/ti-cgt-arm_20.2.5.LTS/bin/armcl" -mv7M4 --code_state=16 --float_support=FPv4SPD16 --define=ccs="ccs" --define=PART_TM4C123GH6PM -g --gcc --diag_warning=225 --diag_wrap=off --display_error_number --abi=eabi -z -m"Counter.map" --heap_size=0 --stack_size=512 -i"C:/ti/ccs1110/ccs/tools/compiler/ti-cgt-arm_20.2.5.LTS/lib" -i"C:/ti/ccs1110/ccs/tools/compiler/ti-cgt-arm_20.2.5.LTS/include" --reread_libs --diag_wrap=off --display_error_number --warn_sections --xml_link_info="Counter_linkInfo.xml" --rom_model -o "Counter.out" "./main.obj" "./tm4c123gh6pm_startup_ccs.obj"  -llibc.a 
<Linking>
warning #10247-D: creating output section ".text" without a SECTIONS specification
warning #10247-D: creating output section ".stack" without a SECTIONS specification
Finished building target: "Counter.out"
 

**** Build Finished ****

**** Build of configuration Debug for project Counter ****

"C:\\ti\\ccs1110\\ccs\\utils\\bin\\gmake" -k -j 16 all -O 
 
Building file: "../main.c"
Invoking: Arm Compiler
"C:/ti/ccs1110/ccs/tools/compiler/ti-cgt-arm_20.2.5.LTS/bin/armcl" -mv7M4 --code_state=16 --float_support=FPv4SPD16 --include_path="C:/Users/Henry/OneDrive/Desktop/TI/Projects/Counter" --include_path="C:/ti/ccs1110/ccs/tools/compiler/ti-cgt-arm_20.2.5.LTS/include" --define=ccs="ccs" --define=PART_TM4C123GH6PM -g --gcc --diag_warning=225 --diag_wrap=off --display_error_number --abi=eabi --preproc_with_compile --preproc_dependency="main.d_raw"  "../main.c"
Finished building: "../main.c"
 
Building file: "../main.c"
Invoking: Arm Compiler
"C:/ti/ccs1110/ccs/tools/compiler/ti-cgt-arm_20.2.5.LTS/bin/armcl" -mv7M4 --code_state=16 --float_support=FPv4SPD16 --include_path="C:/Users/Henry/OneDrive/Desktop/TI/Projects/Counter" --include_path="C:/ti/ccs1110/ccs/tools/compiler/ti-cgt-arm_20.2.5.LTS/include" --define=ccs="ccs" --define=PART_TM4C123GH6PM -g --gcc --diag_warning=225 --diag_wrap=off --display_error_number --abi=eabi --preproc_with_compile --preproc_dependency="main.d_raw"  "../main.c"
Finished building: "../main.c"
 
Building target: "Counter.out"
Invoking: Arm Linker
"C:/ti/ccs1110/ccs/tools/compiler/ti-cgt-arm_20.2.5.LTS/bin/armcl" -mv7M4 --code_state=16 --float_support=FPv4SPD16 --define=ccs="ccs" --define=PART_TM4C123GH6PM -g --gcc --diag_warning=225 --diag_wrap=off --display_error_number --abi=eabi -z -m"Counter.map" --heap_size=0 --stack_size=512 -i"C:/ti/ccs1110/ccs/tools/compiler/ti-cgt-arm_20.2.5.LTS/lib" -i"C:/ti/ccs1110/ccs/tools/compiler/ti-cgt-arm_20.2.5.LTS/include" --reread_libs --diag_wrap=off --display_error_number --warn_sections --xml_link_info="Counter_linkInfo.xml" --rom_model -o "Counter.out" "./main.obj" "./tm4c123gh6pm_startup_ccs.obj"  -llibc.a 
<Linking>
warning #10247-D: creating output section ".text" without a SECTIONS specification
warning #10247-D: creating output section ".stack" without a SECTIONS specification
Finished building target: "Counter.out"
 

**** Build Finished ****

**** Build of configuration Debug for project Counter ****

"C:\\ti\\ccs1110\\ccs\\utils\\bin\\gmake" -k -j 16 all -O 
 
Building file: "../main.c"
Invoking: Arm Compiler
"C:/ti/ccs1110/ccs/tools/compiler/ti-cgt-arm_20.2.5.LTS/bin/armcl" -mv7M4 --code_state=16 --float_support=FPv4SPD16 --include_path="C:/Users/Henry/OneDrive/Desktop/TI/Projects/Counter" --include_path="C:/ti/ccs1110/ccs/tools/compiler/ti-cgt-arm_20.2.5.LTS/include" --define=ccs="ccs" --define=PART_TM4C123GH6PM -g --gcc --diag_warning=225 --diag_wrap=off --display_error_number --abi=eabi --preproc_with_compile --preproc_dependency="main.d_raw"  "../main.c"
Finished building: "../main.c"
 
Building file: "../main.c"
Invoking: Arm Compiler
"C:/ti/ccs1110/ccs/tools/compiler/ti-cgt-arm_20.2.5.LTS/bin/armcl" -mv7M4 --code_state=16 --float_support=FPv4SPD16 --include_path="C:/Users/Henry/OneDrive/Desktop/TI/Projects/Counter" --include_path="C:/ti/ccs1110/ccs/tools/compiler/ti-cgt-arm_20.2.5.LTS/include" --define=ccs="ccs" --define=PART_TM4C123GH6PM -g --gcc --diag_warning=225 --diag_wrap=off --display_error_number --abi=eabi --preproc_with_compile --preproc_dependency="main.d_raw"  "../main.c"
Finished building: "../main.c"
 
Building target: "Counter.out"
Invoking: Arm Linker
"C:/ti/ccs1110/ccs/tools/compiler/ti-cgt-arm_20.2.5.LTS/bin/armcl" -mv7M4 --code_state=16 --float_support=FPv4SPD16 --define=ccs="ccs" --define=PART_TM4C123GH6PM -g --gcc --diag_warning=225 --diag_wrap=off --display_error_number --abi=eabi -z -m"Counter.map" --heap_size=0 --stack_size=512 -i"C:/ti/ccs1110/ccs/tools/compiler/ti-cgt-arm_20.2.5.LTS/lib" -i"C:/ti/ccs1110/ccs/tools/compiler/ti-cgt-arm_20.2.5.LTS/include" --reread_libs --diag_wrap=off --display_error_number --warn_sections --xml_link_info="Counter_linkInfo.xml" --rom_model -o "Counter.out" "./main.obj" "./tm4c123gh6pm_startup_ccs.obj"  -llibc.a 
<Linking>
warning #10247-D: creating output section ".text" without a SECTIONS specification
warning #10247-D: creating output section ".stack" without a SECTIONS specification
Finished building target: "Counter.out"
 

**** Build Finished ****

**** Build of configuration Debug for project Counter1 ****

"C:\\ti\\ccs1110\\ccs\\utils\\bin\\gmake" -k -j 16 all -O 
 
Building file: "../main.c"
Invoking: Arm Compiler
"C:/ti/ccs1110/ccs/tools/compiler/ti-cgt-arm_20.2.5.LTS/bin/armcl" -mv7M4 --code_state=16 --float_support=FPv4SPD16 -me --include_path="C:/Users/Henry/OneDrive/Desktop/TI/Projects/Counter1" --include_path="C:/ti/ccs1110/ccs/tools/compiler/ti-cgt-arm_20.2.5.LTS/include" --define=ccs="ccs" --define=PART_TM4C123GH6PM -g --gcc --diag_warning=225 --diag_wrap=off --display_error_number --abi=eabi --preproc_with_compile --preproc_dependency="main.d_raw"  "../main.c"
Finished building: "../main.c"
 
Building file: "../tm4c123gh6pm_startup_ccs.c"
Invoking: Arm Compiler
"C:/ti/ccs1110/ccs/tools/compiler/ti-cgt-arm_20.2.5.LTS/bin/armcl" -mv7M4 --code_state=16 --float_support=FPv4SPD16 -me --include_path="C:/Users/Henry/OneDrive/Desktop/TI/Projects/Counter1" --include_path="C:/ti/ccs1110/ccs/tools/compiler/ti-cgt-arm_20.2.5.LTS/include" --define=ccs="ccs" --define=PART_TM4C123GH6PM -g --gcc --diag_warning=225 --diag_wrap=off --display_error_number --abi=eabi --preproc_with_compile --preproc_dependency="tm4c123gh6pm_startup_ccs.d_raw"  "../tm4c123gh6pm_startup_ccs.c"
Finished building: "../tm4c123gh6pm_startup_ccs.c"
 
Building target: "Counter1.out"
Invoking: Arm Linker
"C:/ti/ccs1110/ccs/tools/compiler/ti-cgt-arm_20.2.5.LTS/bin/armcl" -mv7M4 --code_state=16 --float_support=FPv4SPD16 -me --define=ccs="ccs" --define=PART_TM4C123GH6PM -g --gcc --diag_warning=225 --diag_wrap=off --display_error_number --abi=eabi -z -m"Counter1.map" --heap_size=0 --stack_size=512 -i"C:/ti/ccs1110/ccs/tools/compiler/ti-cgt-arm_20.2.5.LTS/lib" -i"C:/ti/ccs1110/ccs/tools/compiler/ti-cgt-arm_20.2.5.LTS/include" --reread_libs --diag_wrap=off --display_error_number --warn_sections --xml_link_info="Counter1_linkInfo.xml" --rom_model -o "Counter1.out" "./main.obj" "./tm4c123gh6pm_startup_ccs.obj" "../tm4c123gh6pm.cmd"  -llibc.a 
<Linking>
Finished building target: "Counter1.out"
 

**** Build Finished ****

**** Build of configuration Debug for project Counter1 ****

"C:\\ti\\ccs1110\\ccs\\utils\\bin\\gmake" -k -j 16 all -O 
 
gmake[1]: 'Counter1.out' is up to date.

**** Build Finished ****

**** Build of configuration Debug for project Counter1 ****

"C:\\ti\\ccs1110\\ccs\\utils\\bin\\gmake" -k -j 16 all -O 
 
Building file: "../main.c"
Invoking: Arm Compiler
"C:/ti/ccs1110/ccs/tools/compiler/ti-cgt-arm_20.2.5.LTS/bin/armcl" -mv7M4 --code_state=16 --float_support=FPv4SPD16 -me --include_path="C:/Users/Henry/OneDrive/Desktop/TI/Projects/Counter1" --include_path="C:/ti/ccs1110/ccs/tools/compiler/ti-cgt-arm_20.2.5.LTS/include" --define=ccs="ccs" --define=PART_TM4C123GH6PM -g --gcc --diag_warning=225 --diag_wrap=off --display_error_number --abi=eabi --preproc_with_compile --preproc_dependency="main.d_raw"  "../main.c"
 
>> Compilation failure
subdir_rules.mk:9: recipe for target 'main.obj' failed
"../main.c", line 12: error #20: identifier "coounter" is undefined
"../main.c", line 13: error #66: expected a ";"
2 errors detected in the compilation of "../main.c".
gmake: *** [main.obj] Error 1
gmake: Target 'all' not remade because of errors.

**** Build Finished ****

**** Build of configuration Debug for project Counter1 ****

"C:\\ti\\ccs1110\\ccs\\utils\\bin\\gmake" -k -j 16 all -O 
 
Building file: "../main.c"
Invoking: Arm Compiler
"C:/ti/ccs1110/ccs/tools/compiler/ti-cgt-arm_20.2.5.LTS/bin/armcl" -mv7M4 --code_state=16 --float_support=FPv4SPD16 -me --include_path="C:/Users/Henry/OneDrive/Desktop/TI/Projects/Counter1" --include_path="C:/ti/ccs1110/ccs/tools/compiler/ti-cgt-arm_20.2.5.LTS/include" --define=ccs="ccs" --define=PART_TM4C123GH6PM -g --gcc --diag_warning=225 --diag_wrap=off --display_error_number --abi=eabi --preproc_with_compile --preproc_dependency="main.d_raw"  "../main.c"
Finished building: "../main.c"
 
Building target: "Counter1.out"
Invoking: Arm Linker
"C:/ti/ccs1110/ccs/tools/compiler/ti-cgt-arm_20.2.5.LTS/bin/armcl" -mv7M4 --code_state=16 --float_support=FPv4SPD16 -me --define=ccs="ccs" --define=PART_TM4C123GH6PM -g --gcc --diag_warning=225 --diag_wrap=off --display_error_number --abi=eabi -z -m"Counter1.map" --heap_size=0 --stack_size=512 -i"C:/ti/ccs1110/ccs/tools/compiler/ti-cgt-arm_20.2.5.LTS/lib" -i"C:/ti/ccs1110/ccs/tools/compiler/ti-cgt-arm_20.2.5.LTS/include" --reread_libs --diag_wrap=off --display_error_number --warn_sections --xml_link_info="Counter1_linkInfo.xml" --rom_model -o "Counter1.out" "./main.obj" "./tm4c123gh6pm_startup_ccs.obj" "../tm4c123gh6pm.cmd"  -llibc.a 
<Linking>
Finished building target: "Counter1.out"
 

**** Build Finished ****

**** Build of configuration Debug for project Counter1 ****

"C:\\ti\\ccs1110\\ccs\\utils\\bin\\gmake" -k -j 16 all -O 
 
gmake[1]: 'Counter1.out' is up to date.

**** Build Finished ****

**** Build of configuration Debug for project StepperMotor ****

"C:\\ti\\ccs1110\\ccs\\utils\\bin\\gmake" -k -j 16 all -O 
 
Building file: "../main.c"
Invoking: Arm Compiler
"C:/ti/ccs1110/ccs/tools/compiler/ti-cgt-arm_20.2.5.LTS/bin/armcl" -mv7M4 --code_state=16 --float_support=FPv4SPD16 -me --include_path="C:/Users/Henry/OneDrive/Desktop/TI/Projects/StepperMotor" --include_path="C:/ti/ccs1110/ccs/tools/compiler/ti-cgt-arm_20.2.5.LTS/include" --define=ccs="ccs" --define=PART_TM4C123GH6PM -g --gcc --diag_warning=225 --diag_wrap=off --display_error_number --abi=eabi --preproc_with_compile --preproc_dependency="main.d_raw"  "../main.c"
 
>> Compilation failure
subdir_rules.mk:9: recipe for target 'main.obj' failed
"../main.c", line 3: fatal error #1965: cannot open source file "TM4C123GH6PM.h"
1 catastrophic error detected in the compilation of "../main.c".
Compilation terminated.
gmake: *** [main.obj] Error 1
Building file: "../tm4c123gh6pm_startup_ccs.c"
Invoking: Arm Compiler
"C:/ti/ccs1110/ccs/tools/compiler/ti-cgt-arm_20.2.5.LTS/bin/armcl" -mv7M4 --code_state=16 --float_support=FPv4SPD16 -me --include_path="C:/Users/Henry/OneDrive/Desktop/TI/Projects/StepperMotor" --include_path="C:/ti/ccs1110/ccs/tools/compiler/ti-cgt-arm_20.2.5.LTS/include" --define=ccs="ccs" --define=PART_TM4C123GH6PM -g --gcc --diag_warning=225 --diag_wrap=off --display_error_number --abi=eabi --preproc_with_compile --preproc_dependency="tm4c123gh6pm_startup_ccs.d_raw"  "../tm4c123gh6pm_startup_ccs.c"
Finished building: "../tm4c123gh6pm_startup_ccs.c"
 
gmake: Target 'all' not remade because of errors.

**** Build Finished ****

**** Build of configuration Debug for project StepperMotor ****

"C:\\ti\\ccs1110\\ccs\\utils\\bin\\gmake" -k -j 16 all -O 
 
Building file: "../main.c"
Invoking: Arm Compiler
"C:/ti/ccs1110/ccs/tools/compiler/ti-cgt-arm_20.2.5.LTS/bin/armcl" -mv7M4 --code_state=16 --float_support=FPv4SPD16 -me --include_path="C:/Users/Henry/OneDrive/Desktop/TI/Projects/StepperMotor" --include_path="C:/ti/ccs1110/ccs/tools/compiler/ti-cgt-arm_20.2.5.LTS/include" --define=ccs="ccs" --define=PART_TM4C123GH6PM -g --gcc --diag_warning=225 --diag_wrap=off --display_error_number --abi=eabi --preproc_with_compile --preproc_dependency="main.d_raw"  "../main.c"
 
>> Compilation failure
subdir_rules.mk:9: recipe for target 'main.obj' failed
"../main.c", line 15: error #20: identifier "SYSCTL" is undefined
"../main.c", line 18: error #20: identifier "GPIOF" is undefined
"../main.c", line 53: error #20: identifier "SCB" is undefined
3 errors detected in the compilation of "../main.c".
gmake: *** [main.obj] Error 1
gmake: Target 'all' not remade because of errors.

**** Build Finished ****

**** Build of configuration Debug for project StepperMotor ****

"C:\\ti\\ccs1110\\ccs\\utils\\bin\\gmake" -k -j 16 all -O 
 
Building file: "../main.c"
Invoking: Arm Compiler
"C:/ti/ccs1110/ccs/tools/compiler/ti-cgt-arm_20.2.5.LTS/bin/armcl" -mv7M4 --code_state=16 --float_support=FPv4SPD16 -me --include_path="C:/Users/Henry/OneDrive/Desktop/TI/Projects/StepperMotor" --include_path="C:/ti/ccs1110/ccs/tools/compiler/ti-cgt-arm_20.2.5.LTS/include" --define=ccs="ccs" --define=PART_TM4C123GH6PM -g --gcc --diag_warning=225 --diag_wrap=off --display_error_number --abi=eabi --preproc_with_compile --preproc_dependency="main.d_raw"  "../main.c"
 
>> Compilation failure
subdir_rules.mk:9: recipe for target 'main.obj' failed
"../main.c", line 15: error #20: identifier "SYSCTL" is undefined
"../main.c", line 18: error #20: identifier "GPIOF" is undefined
"../main.c", line 53: error #20: identifier "SCB" is undefined
3 errors detected in the compilation of "../main.c".
gmake: *** [main.obj] Error 1
gmake: Target 'all' not remade because of errors.

**** Build Finished ****

**** Build of configuration Debug for project Stepper Motor ****

"C:\\ti\\ccs1110\\ccs\\utils\\bin\\gmake" -k -j 16 all -O 
 
Building file: "../main.c"
Invoking: Arm Compiler
"C:/ti/ccs1110/ccs/tools/compiler/ti-cgt-arm_20.2.5.LTS/bin/armcl" -mv7M4 --code_state=16 --float_support=FPv4SPD16 -me --include_path="C:/Users/Henry/OneDrive/Desktop/TI/Projects/Stepper Motor" --include_path="C:/ti/ccs1110/ccs/tools/compiler/ti-cgt-arm_20.2.5.LTS/include" --define=ccs="ccs" --define=PART_TM4C123GH6PM -g --gcc --diag_warning=225 --diag_wrap=off --display_error_number --abi=eabi --preproc_with_compile --preproc_dependency="main.d_raw"  "../main.c"
 
>> Compilation failure
subdir_rules.mk:9: recipe for target 'main.obj' failed
"../main.c", line 1: fatal error #1965: cannot open source file "TM4C123GH6PM.h"
1 catastrophic error detected in the compilation of "../main.c".
Compilation terminated.
gmake: *** [main.obj] Error 1
Building file: "../tm4c123gh6pm_startup_ccs.c"
Invoking: Arm Compiler
"C:/ti/ccs1110/ccs/tools/compiler/ti-cgt-arm_20.2.5.LTS/bin/armcl" -mv7M4 --code_state=16 --float_support=FPv4SPD16 -me --include_path="C:/Users/Henry/OneDrive/Desktop/TI/Projects/Stepper Motor" --include_path="C:/ti/ccs1110/ccs/tools/compiler/ti-cgt-arm_20.2.5.LTS/include" --define=ccs="ccs" --define=PART_TM4C123GH6PM -g --gcc --diag_warning=225 --diag_wrap=off --display_error_number --abi=eabi --preproc_with_compile --preproc_dependency="tm4c123gh6pm_startup_ccs.d_raw"  "../tm4c123gh6pm_startup_ccs.c"
Finished building: "../tm4c123gh6pm_startup_ccs.c"
 
gmake: Target 'all' not remade because of errors.

**** Build Finished ****

**** Build of configuration Debug for project Stepper Motor ****

"C:\\ti\\ccs1110\\ccs\\utils\\bin\\gmake" -k -j 16 all -O 
 
Building file: "../tm4c123gh6pm_startup_ccs.c"
Invoking: Arm Compiler
"C:/ti/ccs1110/ccs/tools/compiler/ti-cgt-arm_20.2.5.LTS/bin/armcl" -mv7M4 --code_state=16 --float_support=FPv4SPD16 -me --include_path="C:/Users/Henry/OneDrive/Desktop/TI/Projects/Stepper Motor" --include_path="C:/ti/ccs1110/TivaWare_C_Series-2.2.0.295/inc" --include_path="C:/ti/ccs1110/ccs/tools/compiler/ti-cgt-arm_20.2.5.LTS/include" --define=ccs="ccs" --define=PART_TM4C123GH6PM -g --gcc --diag_warning=225 --diag_wrap=off --display_error_number --abi=eabi --preproc_with_compile --preproc_dependency="tm4c123gh6pm_startup_ccs.d_raw"  "../tm4c123gh6pm_startup_ccs.c"
Finished building: "../tm4c123gh6pm_startup_ccs.c"
 
Building file: "../main.c"
Invoking: Arm Compiler
"C:/ti/ccs1110/ccs/tools/compiler/ti-cgt-arm_20.2.5.LTS/bin/armcl" -mv7M4 --code_state=16 --float_support=FPv4SPD16 -me --include_path="C:/Users/Henry/OneDrive/Desktop/TI/Projects/Stepper Motor" --include_path="C:/ti/ccs1110/TivaWare_C_Series-2.2.0.295/inc" --include_path="C:/ti/ccs1110/ccs/tools/compiler/ti-cgt-arm_20.2.5.LTS/include" --define=ccs="ccs" --define=PART_TM4C123GH6PM -g --gcc --diag_warning=225 --diag_wrap=off --display_error_number --abi=eabi --preproc_with_compile --preproc_dependency="main.d_raw"  "../main.c"
Finished building: "../main.c"
 
Building target: "Stepper Motor.out"
Invoking: Arm Linker
"C:/ti/ccs1110/ccs/tools/compiler/ti-cgt-arm_20.2.5.LTS/bin/armcl" -mv7M4 --code_state=16 --float_support=FPv4SPD16 -me --define=ccs="ccs" --define=PART_TM4C123GH6PM -g --gcc --diag_warning=225 --diag_wrap=off --display_error_number --abi=eabi -z -m"Stepper Motor.map" --heap_size=0 --stack_size=512 -i"C:/ti/ccs1110/ccs/tools/compiler/ti-cgt-arm_20.2.5.LTS/lib" -i"C:/ti/ccs1110/ccs/tools/compiler/ti-cgt-arm_20.2.5.LTS/include" --reread_libs --diag_wrap=off --display_error_number --warn_sections --xml_link_info="Stepper Motor_linkInfo.xml" --rom_model -o "Stepper Motor.out" "./main.obj" "./tm4c123gh6pm_startup_ccs.obj" "../tm4c123gh6pm.cmd"  -llibc.a 
<Linking>
Finished building target: "Stepper Motor.out"
 

**** Build Finished ****

**** Build of configuration Debug for project Stepper Motor ****

"C:\\ti\\ccs1110\\ccs\\utils\\bin\\gmake" -k -j 16 all -O 
 
Building file: "../main.c"
Invoking: Arm Compiler
"C:/ti/ccs1110/ccs/tools/compiler/ti-cgt-arm_20.2.5.LTS/bin/armcl" -mv7M4 --code_state=16 --float_support=FPv4SPD16 -me --include_path="C:/Users/Henry/OneDrive/Desktop/TI/Projects/Stepper Motor" --include_path="C:/ti/ccs1110/TivaWare_C_Series-2.2.0.295/inc" --include_path="C:/ti/ccs1110/ccs/tools/compiler/ti-cgt-arm_20.2.5.LTS/include" --define=ccs="ccs" --define=PART_TM4C123GH6PM -g --gcc --diag_warning=225 --diag_wrap=off --display_error_number --abi=eabi --preproc_with_compile --preproc_dependency="main.d_raw"  "../main.c"
 
>> Compilation failure
subdir_rules.mk:9: recipe for target 'main.obj' failed
"../main.c", line 12: error #29: expected an expression
"../main.c", line 15: error #20: identifier "SYSTCTL" is undefined
"../main.c", line 18: error #20: identifier "GPIOB" is undefined
"../main.c", line 29: error #20: identifier "STEPS" is undefined
"../main.c", line 29: error #20: identifier "I" is undefined
"../main.c", line 36: error #66: expected a ";"
"../main.c", line 49: warning #12-D: parsing restarts here after previous syntax error
"../main.c", line 51: error #171: expected a declaration
"../main.c", line 52: error #171: expected a declaration
8 errors detected in the compilation of "../main.c".
gmake: *** [main.obj] Error 1
gmake: Target 'all' not remade because of errors.

**** Build Finished ****

**** Build of configuration Debug for project Stepper Motor ****

"C:\\ti\\ccs1110\\ccs\\utils\\bin\\gmake" -k -j 16 all -O 
 
Building file: "../main.c"
Invoking: Arm Compiler
"C:/ti/ccs1110/ccs/tools/compiler/ti-cgt-arm_20.2.5.LTS/bin/armcl" -mv7M4 --code_state=16 --float_support=FPv4SPD16 -me --include_path="C:/Users/Henry/OneDrive/Desktop/TI/Projects/Stepper Motor" --include_path="C:/ti/ccs1110/TivaWare_C_Series-2.2.0.295/inc" --include_path="C:/ti/ccs1110/ccs/tools/compiler/ti-cgt-arm_20.2.5.LTS/include" --define=ccs="ccs" --define=PART_TM4C123GH6PM -g --gcc --diag_warning=225 --diag_wrap=off --display_error_number --abi=eabi --preproc_with_compile --preproc_dependency="main.d_raw"  "../main.c"
 
>> Compilation failure
subdir_rules.mk:9: recipe for target 'main.obj' failed
"../main.c", line 12: error #29: expected an expression
"../main.c", line 15: error #20: identifier "SYSTCTL" is undefined
"../main.c", line 18: error #20: identifier "GPIOB" is undefined
"../main.c", line 36: error #66: expected a ";"
"../main.c", line 49: warning #12-D: parsing restarts here after previous syntax error
"../main.c", line 51: error #171: expected a declaration
"../main.c", line 52: error #171: expected a declaration
6 errors detected in the compilation of "../main.c".
gmake: *** [main.obj] Error 1
gmake: Target 'all' not remade because of errors.

**** Build Finished ****

**** Build of configuration Debug for project Stepper Motor ****

"C:\\ti\\ccs1110\\ccs\\utils\\bin\\gmake" -k -j 16 all -O 
 
Building file: "../main.c"
Invoking: Arm Compiler
"C:/ti/ccs1110/ccs/tools/compiler/ti-cgt-arm_20.2.5.LTS/bin/armcl" -mv7M4 --code_state=16 --float_support=FPv4SPD16 -me --include_path="C:/Users/Henry/OneDrive/Desktop/TI/Projects/Stepper Motor" --include_path="C:/ti/ccs1110/TivaWare_C_Series-2.2.0.295/inc" --include_path="C:/ti/ccs1110/ccs/tools/compiler/ti-cgt-arm_20.2.5.LTS/include" --define=ccs="ccs" --define=PART_TM4C123GH6PM -g --gcc --diag_warning=225 --diag_wrap=off --display_error_number --abi=eabi --preproc_with_compile --preproc_dependency="main.d_raw"  "../main.c"
 
>> Compilation failure
subdir_rules.mk:9: recipe for target 'main.obj' failed
"../main.c", line 14: error #29: expected an expression
"../main.c", line 17: error #20: identifier "SYSTCTL" is undefined
"../main.c", line 20: error #20: identifier "GPIOB" is undefined
"../main.c", line 38: error #66: expected a ";"
"../main.c", line 51: warning #12-D: parsing restarts here after previous syntax error
"../main.c", line 53: error #171: expected a declaration
"../main.c", line 54: error #171: expected a declaration
6 errors detected in the compilation of "../main.c".
gmake: *** [main.obj] Error 1
gmake: Target 'all' not remade because of errors.

**** Build Finished ****

**** Build of configuration Debug for project Stepper Motor ****

"C:\\ti\\ccs1110\\ccs\\utils\\bin\\gmake" -k -j 16 all -O 
 
Building file: "../main.c"
Invoking: Arm Compiler
"C:/ti/ccs1110/ccs/tools/compiler/ti-cgt-arm_20.2.5.LTS/bin/armcl" -mv7M4 --code_state=16 --float_support=FPv4SPD16 -me --include_path="C:/Users/Henry/OneDrive/Desktop/TI/Projects/Stepper Motor" --include_path="C:/ti/ccs1110/TivaWare_C_Series-2.2.0.295/inc" --include_path="C:/ti/ccs1110/ccs/tools/compiler/ti-cgt-arm_20.2.5.LTS/include" --define=ccs="ccs" --define=PART_TM4C123GH6PM -g --gcc --diag_warning=225 --diag_wrap=off --display_error_number --abi=eabi --preproc_with_compile --preproc_dependency="main.d_raw"  "../main.c"
 
>> Compilation failure
subdir_rules.mk:9: recipe for target 'main.obj' failed
"../main.c", line 15: error #29: expected an expression
"../main.c", line 18: error #20: identifier "SYSCTL" is undefined
"../main.c", line 21: error #20: identifier "GPIOB" is undefined
"../main.c", line 39: error #66: expected a ";"
"../main.c", line 52: warning #12-D: parsing restarts here after previous syntax error
"../main.c", line 54: error #171: expected a declaration
"../main.c", line 55: error #171: expected a declaration
6 errors detected in the compilation of "../main.c".
gmake: *** [main.obj] Error 1
gmake: Target 'all' not remade because of errors.

**** Build Finished ****

**** Build of configuration Debug for project Stepper Motor ****

"C:\\ti\\ccs1110\\ccs\\utils\\bin\\gmake" -k -j 16 all -O 
 
Building file: "../main.c"
Invoking: Arm Compiler
"C:/ti/ccs1110/ccs/tools/compiler/ti-cgt-arm_20.2.5.LTS/bin/armcl" -mv7M4 --code_state=16 --float_support=FPv4SPD16 -me --include_path="C:/Users/Henry/OneDrive/Desktop/TI/Projects/Stepper Motor" --include_path="C:/ti/ccs1110/TivaWare_C_Series-2.2.0.295/inc" --include_path="C:/ti/ccs1110/ccs/tools/compiler/ti-cgt-arm_20.2.5.LTS/include" --define=ccs="ccs" --define=PART_TM4C123GH6PM -g --gcc --diag_warning=225 --diag_wrap=off --display_error_number --abi=eabi --preproc_with_compile --preproc_dependency="main.d_raw"  "../main.c"
 
>> Compilation failure
subdir_rules.mk:9: recipe for target 'main.obj' failed
"../main.c", line 15: error #29: expected an expression
"../main.c", line 18: error #20: identifier "SYSCTL" is undefined
"../main.c", line 21: error #20: identifier "GPIOB" is undefined
"../main.c", line 39: error #66: expected a ";"
"../main.c", line 53: warning #12-D: parsing restarts here after previous syntax error
"../main.c", line 55: error #171: expected a declaration
"../main.c", line 56: error #171: expected a declaration
6 errors detected in the compilation of "../main.c".
gmake: *** [main.obj] Error 1
gmake: Target 'all' not remade because of errors.

**** Build Finished ****

**** Build of configuration Debug for project Stepper Motor ****

"C:\\ti\\ccs1110\\ccs\\utils\\bin\\gmake" -k -j 16 all -O 
 
Building file: "../main.c"
Invoking: Arm Compiler
"C:/ti/ccs1110/ccs/tools/compiler/ti-cgt-arm_20.2.5.LTS/bin/armcl" -mv7M4 --code_state=16 --float_support=FPv4SPD16 -me --include_path="C:/Users/Henry/OneDrive/Desktop/TI/Projects/Stepper Motor" --include_path="C:/ti/ccs1110/TivaWare_C_Series-2.2.0.295/inc" --include_path="C:/ti/ccs1110/ccs/tools/compiler/ti-cgt-arm_20.2.5.LTS/include" --define=ccs="ccs" --define=PART_TM4C123GH6PM -g --gcc --diag_warning=225 --diag_wrap=off --display_error_number --abi=eabi --preproc_with_compile --preproc_dependency="main.d_raw"  "../main.c"
 
>> Compilation failure
subdir_rules.mk:9: recipe for target 'main.obj' failed
"../main.c", line 15: error #29: expected an expression
"../main.c", line 18: error #20: identifier "SYSCTL" is undefined
"../main.c", line 21: error #20: identifier "GPIOB" is undefined
"../main.c", line 39: error #66: expected a ";"
"../main.c", line 55: warning #12-D: parsing restarts here after previous syntax error
4 errors detected in the compilation of "../main.c".
gmake: *** [main.obj] Error 1
gmake: Target 'all' not remade because of errors.

**** Build Finished ****

**** Build of configuration Debug for project Stepper Motor ****

"C:\\ti\\ccs1110\\ccs\\utils\\bin\\gmake" -k -j 16 all -O 
 
Building file: "../main.c"
Invoking: Arm Compiler
"C:/ti/ccs1110/ccs/tools/compiler/ti-cgt-arm_20.2.5.LTS/bin/armcl" -mv7M4 --code_state=16 --float_support=FPv4SPD16 -me --include_path="C:/Users/Henry/OneDrive/Desktop/TI/Projects/Stepper Motor" --include_path="C:/ti/ccs1110/TivaWare_C_Series-2.2.0.295/inc" --include_path="C:/ti/ccs1110/ccs/tools/compiler/ti-cgt-arm_20.2.5.LTS/include" --define=ccs="ccs" --define=PART_TM4C123GH6PM -g --gcc --diag_warning=225 --diag_wrap=off --display_error_number --abi=eabi --preproc_with_compile --preproc_dependency="main.d_raw"  "../main.c"
 
>> Compilation failure
subdir_rules.mk:9: recipe for target 'main.obj' failed
"../main.c", line 15: error #29: expected an expression
"../main.c", line 18: error #20: identifier "SYSCTL" is undefined
"../main.c", line 21: error #20: identifier "GPIOB" is undefined
"../main.c", line 39: error #66: expected a ";"
"../main.c", line 60: warning #12-D: parsing restarts here after previous syntax error
4 errors detected in the compilation of "../main.c".
gmake: *** [main.obj] Error 1
gmake: Target 'all' not remade because of errors.

**** Build Finished ****

**** Build of configuration Debug for project Stepper Motor ****

"C:\\ti\\ccs1110\\ccs\\utils\\bin\\gmake" -k -j 16 all -O 
 
Building file: "../main.c"
Invoking: Arm Compiler
"C:/ti/ccs1110/ccs/tools/compiler/ti-cgt-arm_20.2.5.LTS/bin/armcl" -mv7M4 --code_state=16 --float_support=FPv4SPD16 -me --include_path="C:/Users/Henry/OneDrive/Desktop/TI/Projects/Stepper Motor" --include_path="C:/ti/ccs1110/TivaWare_C_Series-2.2.0.295/inc" --include_path="C:/ti/ccs1110/ccs/tools/compiler/ti-cgt-arm_20.2.5.LTS/include" --define=ccs="ccs" --define=PART_TM4C123GH6PM -g --gcc --diag_warning=225 --diag_wrap=off --display_error_number --abi=eabi --preproc_with_compile --preproc_dependency="main.d_raw"  "../main.c"
 
>> Compilation failure
subdir_rules.mk:9: recipe for target 'main.obj' failed
"../main.c", line 28: error #29: expected an expression
"../main.c", line 31: error #20: identifier "SYSCTL" is undefined
"../main.c", line 34: error #20: identifier "GPIOB" is undefined
"../main.c", line 55: error #66: expected a ";"
"../main.c", line 60: warning #12-D: parsing restarts here after previous syntax error
4 errors detected in the compilation of "../main.c".
gmake: *** [main.obj] Error 1
gmake: Target 'all' not remade because of errors.

**** Build Finished ****

**** Build of configuration Debug for project Stepper Motor ****

"C:\\ti\\ccs1110\\ccs\\utils\\bin\\gmake" -k -j 16 all -O 
 
Building file: "../main.c"
Invoking: Arm Compiler
"C:/ti/ccs1110/ccs/tools/compiler/ti-cgt-arm_20.2.5.LTS/bin/armcl" -mv7M4 --code_state=16 --float_support=FPv4SPD16 -me --include_path="C:/Users/Henry/OneDrive/Desktop/TI/Projects/Stepper Motor" --include_path="C:/ti/ccs1110/TivaWare_C_Series-2.2.0.295/inc" --include_path="C:/ti/ccs1110/ccs/tools/compiler/ti-cgt-arm_20.2.5.LTS/include" --define=ccs="ccs" --define=PART_TM4C123GH6PM -g --gcc --diag_warning=225 --diag_wrap=off --display_error_number --abi=eabi --preproc_with_compile --preproc_dependency="main.d_raw"  "../main.c"
 
>> Compilation failure
subdir_rules.mk:9: recipe for target 'main.obj' failed
"../main.c", line 28: error #29: expected an expression
"../main.c", line 31: error #20: identifier "SYSCTL" is undefined
"../main.c", line 34: error #20: identifier "GPIOB" is undefined
"../main.c", line 55: error #66: expected a ";"
"../main.c", line 60: warning #12-D: parsing restarts here after previous syntax error
4 errors detected in the compilation of "../main.c".
gmake: *** [main.obj] Error 1
gmake: Target 'all' not remade because of errors.

**** Build Finished ****

**** Build of configuration Debug for project Stepper Motor ****

"C:\\ti\\ccs1110\\ccs\\utils\\bin\\gmake" -k -j 16 all -O 
 
Building file: "../main.c"
Invoking: Arm Compiler
"C:/ti/ccs1110/ccs/tools/compiler/ti-cgt-arm_20.2.5.LTS/bin/armcl" -mv7M4 --code_state=16 --float_support=FPv4SPD16 -me --include_path="C:/Users/Henry/OneDrive/Desktop/TI/Projects/Stepper Motor" --include_path="C:/ti/ccs1110/TivaWare_C_Series-2.2.0.295/inc" --include_path="C:/ti/ccs1110/ccs/tools/compiler/ti-cgt-arm_20.2.5.LTS/include" --define=ccs="ccs" --define=PART_TM4C123GH6PM -g --gcc --diag_warning=225 --diag_wrap=off --display_error_number --abi=eabi --preproc_with_compile --preproc_dependency="main.d_raw"  "../main.c"
 
>> Compilation failure
subdir_rules.mk:9: recipe for target 'main.obj' failed
"../main.c", line 1: fatal error #1965: cannot open source file "C:\ti\ccs1110\TivaWare_C_Series-2.2.0.295\inc\tm4c123gh6pm"
1 catastrophic error detected in the compilation of "../main.c".
Compilation terminated.
gmake: *** [main.obj] Error 1
gmake: Target 'all' not remade because of errors.

**** Build Finished ****

**** Build of configuration Debug for project Stepper Motor ****

"C:\\ti\\ccs1110\\ccs\\utils\\bin\\gmake" -k -j 16 all -O 
 
Building file: "../main.c"
Invoking: Arm Compiler
"C:/ti/ccs1110/ccs/tools/compiler/ti-cgt-arm_20.2.5.LTS/bin/armcl" -mv7M4 --code_state=16 --float_support=FPv4SPD16 -me --include_path="C:/Users/Henry/OneDrive/Desktop/TI/Projects/Stepper Motor" --include_path="C:/ti/ccs1110/TivaWare_C_Series-2.2.0.295/inc" --include_path="C:/ti/ccs1110/ccs/tools/compiler/ti-cgt-arm_20.2.5.LTS/include" --define=ccs="ccs" --define=PART_TM4C123GH6PM -g --gcc --diag_warning=225 --diag_wrap=off --display_error_number --abi=eabi --preproc_with_compile --preproc_dependency="main.d_raw"  "../main.c"
 
>> Compilation failure
subdir_rules.mk:9: recipe for target 'main.obj' failed
"../main.c", line 28: error #29: expected an expression
"../main.c", line 31: error #20: identifier "SYSCTL" is undefined
"../main.c", line 34: error #20: identifier "GPIOB" is undefined
"../main.c", line 55: error #66: expected a ";"
"../main.c", line 60: warning #12-D: parsing restarts here after previous syntax error
4 errors detected in the compilation of "../main.c".
gmake: *** [main.obj] Error 1
gmake: Target 'all' not remade because of errors.

**** Build Finished ****

**** Build of configuration Debug for project Stepper Motor ****

"C:\\ti\\ccs1110\\ccs\\utils\\bin\\gmake" -k -j 16 all -O 
 
Building file: "../main.c"
Invoking: Arm Compiler
"C:/ti/ccs1110/ccs/tools/compiler/ti-cgt-arm_20.2.5.LTS/bin/armcl" -mv7M4 --code_state=16 --float_support=FPv4SPD16 -me --include_path="C:/Users/Henry/OneDrive/Desktop/TI/Projects/Stepper Motor" --include_path="C:/ti/ccs1110/TivaWare_C_Series-2.2.0.295/inc" --include_path="C:/ti/ccs1110/ccs/tools/compiler/ti-cgt-arm_20.2.5.LTS/include" --define=ccs="ccs" --define=PART_TM4C123GH6PM -g --gcc --diag_warning=225 --diag_wrap=off --display_error_number --abi=eabi --preproc_with_compile --preproc_dependency="main.d_raw"  "../main.c"
 
>> Compilation failure
subdir_rules.mk:9: recipe for target 'main.obj' failed
"../main.c", line 29: error #29: expected an expression
"../main.c", line 32: error #20: identifier "SYSCTL" is undefined
"../main.c", line 35: error #20: identifier "GPIOB" is undefined
"../main.c", line 56: error #66: expected a ";"
"../main.c", line 61: warning #12-D: parsing restarts here after previous syntax error
4 errors detected in the compilation of "../main.c".
gmake: *** [main.obj] Error 1
gmake: Target 'all' not remade because of errors.

**** Build Finished ****

**** Build of configuration Debug for project Stepper Motor ****

"C:\\ti\\ccs1110\\ccs\\utils\\bin\\gmake" -k -j 16 all -O 
 
Building file: "../main.c"
Invoking: Arm Compiler
"C:/ti/ccs1110/ccs/tools/compiler/ti-cgt-arm_20.2.5.LTS/bin/armcl" -mv7M4 --code_state=16 --float_support=FPv4SPD16 -me --include_path="C:/Users/Henry/OneDrive/Desktop/TI/Projects/Stepper Motor" --include_path="C:/ti/ccs1110/TivaWare_C_Series-2.2.0.295/inc" --include_path="C:/ti/ccs1110/ccs/tools/compiler/ti-cgt-arm_20.2.5.LTS/include" --define=ccs="ccs" --define=PART_TM4C123GH6PM -g --gcc --diag_warning=225 --diag_wrap=off --display_error_number --abi=eabi --preproc_with_compile --preproc_dependency="main.d_raw"  "../main.c"
"../main.c", line 63: warning #112-D: statement is unreachable
Finished building: "../main.c"
 
Building target: "Stepper Motor.out"
Invoking: Arm Linker
"C:/ti/ccs1110/ccs/tools/compiler/ti-cgt-arm_20.2.5.LTS/bin/armcl" -mv7M4 --code_state=16 --float_support=FPv4SPD16 -me --define=ccs="ccs" --define=PART_TM4C123GH6PM -g --gcc --diag_warning=225 --diag_wrap=off --display_error_number --abi=eabi -z -m"Stepper Motor.map" --heap_size=0 --stack_size=512 -i"C:/ti/ccs1110/ccs/tools/compiler/ti-cgt-arm_20.2.5.LTS/lib" -i"C:/ti/ccs1110/ccs/tools/compiler/ti-cgt-arm_20.2.5.LTS/include" --reread_libs --diag_wrap=off --display_error_number --warn_sections --xml_link_info="Stepper Motor_linkInfo.xml" --rom_model -o "Stepper Motor.out" "./main.obj" "./tm4c123gh6pm_startup_ccs.obj" "../tm4c123gh6pm.cmd"  -llibc.a 
<Linking>
Finished building target: "Stepper Motor.out"
 

**** Build Finished ****

**** Build of configuration Debug for project Stepper Motor ****

"C:\\ti\\ccs1110\\ccs\\utils\\bin\\gmake" -k -j 16 all -O 
 
gmake[1]: 'Stepper Motor.out' is up to date.

**** Build Finished ****

**** Build of configuration Debug for project Stepper Motor ****

"C:\\ti\\ccs1110\\ccs\\utils\\bin\\gmake" -k -j 16 all -O 
 
Building file: "../main.c"
Invoking: Arm Compiler
"C:/ti/ccs1110/ccs/tools/compiler/ti-cgt-arm_20.2.5.LTS/bin/armcl" -mv7M4 --code_state=16 --float_support=FPv4SPD16 -me --include_path="C:/Users/Henry/OneDrive/Desktop/TI/Projects/Stepper Motor" --include_path="C:/ti/ccs1110/TivaWare_C_Series-2.2.0.295/inc" --include_path="C:/ti/ccs1110/ccs/tools/compiler/ti-cgt-arm_20.2.5.LTS/include" --define=ccs="ccs" --define=PART_TM4C123GH6PM -g --gcc --diag_warning=225 --diag_wrap=off --display_error_number --abi=eabi --preproc_with_compile --preproc_dependency="main.d_raw"  "../main.c"
"../main.c", line 63: warning #112-D: statement is unreachable
Finished building: "../main.c"
 
Building target: "Stepper Motor.out"
Invoking: Arm Linker
"C:/ti/ccs1110/ccs/tools/compiler/ti-cgt-arm_20.2.5.LTS/bin/armcl" -mv7M4 --code_state=16 --float_support=FPv4SPD16 -me --define=ccs="ccs" --define=PART_TM4C123GH6PM -g --gcc --diag_warning=225 --diag_wrap=off --display_error_number --abi=eabi -z -m"Stepper Motor.map" --heap_size=0 --stack_size=512 -i"C:/ti/ccs1110/ccs/tools/compiler/ti-cgt-arm_20.2.5.LTS/lib" -i"C:/ti/ccs1110/ccs/tools/compiler/ti-cgt-arm_20.2.5.LTS/include" --reread_libs --diag_wrap=off --display_error_number --warn_sections --xml_link_info="Stepper Motor_linkInfo.xml" --rom_model -o "Stepper Motor.out" "./main.obj" "./tm4c123gh6pm_startup_ccs.obj" "../tm4c123gh6pm.cmd"  -llibc.a 
<Linking>
Finished building target: "Stepper Motor.out"
 

**** Build Finished ****

**** Build of configuration Debug for project Stepper Motor ****

"C:\\ti\\ccs1110\\ccs\\utils\\bin\\gmake" -k -j 16 all -O 
 
Building file: "../main.c"
Invoking: Arm Compiler
"C:/ti/ccs1110/ccs/tools/compiler/ti-cgt-arm_20.2.5.LTS/bin/armcl" -mv7M4 --code_state=16 --float_support=FPv4SPD16 -me --include_path="C:/Users/Henry/OneDrive/Desktop/TI/Projects/Stepper Motor" --include_path="C:/ti/ccs1110/TivaWare_C_Series-2.2.0.295/inc" --include_path="C:/ti/ccs1110/ccs/tools/compiler/ti-cgt-arm_20.2.5.LTS/include" --define=ccs="ccs" --define=PART_TM4C123GH6PM -g --gcc --diag_warning=225 --diag_wrap=off --display_error_number --abi=eabi --preproc_with_compile --preproc_dependency="main.d_raw"  "../main.c"
 
>> Compilation failure
subdir_rules.mk:9: recipe for target 'main.obj' failed
"../main.c", line 58: error #66: expected a ";"
"../main.c", line 63: warning #12-D: parsing restarts here after previous syntax error
1 error detected in the compilation of "../main.c".
gmake: *** [main.obj] Error 1
gmake: Target 'all' not remade because of errors.

**** Build Finished ****

**** Build of configuration Debug for project Stepper Motor ****

"C:\\ti\\ccs1110\\ccs\\utils\\bin\\gmake" -k -j 16 all -O 
 
Building file: "../main.c"
Invoking: Arm Compiler
"C:/ti/ccs1110/ccs/tools/compiler/ti-cgt-arm_20.2.5.LTS/bin/armcl" -mv7M4 --code_state=16 --float_support=FPv4SPD16 -me --include_path="C:/Users/Henry/OneDrive/Desktop/TI/Projects/Stepper Motor" --include_path="C:/ti/ccs1110/TivaWare_C_Series-2.2.0.295/inc" --include_path="C:/ti/ccs1110/ccs/tools/compiler/ti-cgt-arm_20.2.5.LTS/include" --define=ccs="ccs" --define=PART_TM4C123GH6PM -g --gcc --diag_warning=225 --diag_wrap=off --display_error_number --abi=eabi --preproc_with_compile --preproc_dependency="main.d_raw"  "../main.c"
 
>> Compilation failure
subdir_rules.mk:9: recipe for target 'main.obj' failed
"../main.c", line 32: error #20: identifier "SCB" is undefined
"../main.c", line 67: warning #112-D: statement is unreachable
1 error detected in the compilation of "../main.c".
gmake: *** [main.obj] Error 1
gmake: Target 'all' not remade because of errors.

**** Build Finished ****

**** Build of configuration Debug for project Stepper Motor ****

"C:\\ti\\ccs1110\\ccs\\utils\\bin\\gmake" -k -j 16 all -O 
 
Building file: "../main.c"
Invoking: Arm Compiler
"C:/ti/ccs1110/ccs/tools/compiler/ti-cgt-arm_20.2.5.LTS/bin/armcl" -mv7M4 --code_state=16 --float_support=FPv4SPD16 -me --include_path="C:/Users/Henry/OneDrive/Desktop/TI/Projects/Stepper Motor" --include_path="C:/ti/ccs1110/TivaWare_C_Series-2.2.0.295/inc" --include_path="C:/ti/ccs1110/ccs/tools/compiler/ti-cgt-arm_20.2.5.LTS/include" --define=ccs="ccs" --define=PART_TM4C123GH6PM -g --gcc --diag_warning=225 --diag_wrap=off --display_error_number --abi=eabi --preproc_with_compile --preproc_dependency="main.d_raw"  "../main.c"
"../main.c", line 67: warning #112-D: statement is unreachable
Finished building: "../main.c"
 
Building target: "Stepper Motor.out"
Invoking: Arm Linker
"C:/ti/ccs1110/ccs/tools/compiler/ti-cgt-arm_20.2.5.LTS/bin/armcl" -mv7M4 --code_state=16 --float_support=FPv4SPD16 -me --define=ccs="ccs" --define=PART_TM4C123GH6PM -g --gcc --diag_warning=225 --diag_wrap=off --display_error_number --abi=eabi -z -m"Stepper Motor.map" --heap_size=0 --stack_size=512 -i"C:/ti/ccs1110/ccs/tools/compiler/ti-cgt-arm_20.2.5.LTS/lib" -i"C:/ti/ccs1110/ccs/tools/compiler/ti-cgt-arm_20.2.5.LTS/include" --reread_libs --diag_wrap=off --display_error_number --warn_sections --xml_link_info="Stepper Motor_linkInfo.xml" --rom_model -o "Stepper Motor.out" "./main.obj" "./tm4c123gh6pm_startup_ccs.obj" "../tm4c123gh6pm.cmd"  -llibc.a 
<Linking>
Finished building target: "Stepper Motor.out"
 

**** Build Finished ****

**** Build of configuration Debug for project Stepper Motor ****

"C:\\ti\\ccs1110\\ccs\\utils\\bin\\gmake" -k -j 16 all -O 
 
gmake[1]: 'Stepper Motor.out' is up to date.

**** Build Finished ****

**** Build of configuration Debug for project Stepper Motor ****

"C:\\ti\\ccs1110\\ccs\\utils\\bin\\gmake" -k -j 16 all -O 
 
gmake[1]: 'Stepper Motor.out' is up to date.

**** Build Finished ****

**** Build of configuration Debug for project Stepper Motor ****

"C:\\ti\\ccs1110\\ccs\\utils\\bin\\gmake" -k -j 16 all -O 
 
Building file: "../main.c"
Invoking: Arm Compiler
"C:/ti/ccs1110/ccs/tools/compiler/ti-cgt-arm_20.2.5.LTS/bin/armcl" -mv7M4 --code_state=16 --float_support=FPv4SPD16 -me --include_path="C:/Users/Henry/OneDrive/Desktop/TI/Projects/Stepper Motor" --include_path="C:/ti/ccs1110/TivaWare_C_Series-2.2.0.295/inc" --include_path="C:/ti/ccs1110/ccs/tools/compiler/ti-cgt-arm_20.2.5.LTS/include" --define=ccs="ccs" --define=PART_TM4C123GH6PM -g --gcc --diag_warning=225 --diag_wrap=off --display_error_number --abi=eabi --preproc_with_compile --preproc_dependency="main.d_raw"  "../main.c"
"../main.c", line 65: warning #112-D: statement is unreachable
"../main.c", line 39: warning #179-D: variable "speed" was declared but never referenced
Finished building: "../main.c"
 
Building target: "Stepper Motor.out"
Invoking: Arm Linker
"C:/ti/ccs1110/ccs/tools/compiler/ti-cgt-arm_20.2.5.LTS/bin/armcl" -mv7M4 --code_state=16 --float_support=FPv4SPD16 -me --define=ccs="ccs" --define=PART_TM4C123GH6PM -g --gcc --diag_warning=225 --diag_wrap=off --display_error_number --abi=eabi -z -m"Stepper Motor.map" --heap_size=0 --stack_size=512 -i"C:/ti/ccs1110/ccs/tools/compiler/ti-cgt-arm_20.2.5.LTS/lib" -i"C:/ti/ccs1110/ccs/tools/compiler/ti-cgt-arm_20.2.5.LTS/include" --reread_libs --diag_wrap=off --display_error_number --warn_sections --xml_link_info="Stepper Motor_linkInfo.xml" --rom_model -o "Stepper Motor.out" "./main.obj" "./tm4c123gh6pm_startup_ccs.obj" "../tm4c123gh6pm.cmd"  -llibc.a 
<Linking>
Finished building target: "Stepper Motor.out"
 

**** Build Finished ****

**** Build of configuration Debug for project Stepper Motor ****

"C:\\ti\\ccs1110\\ccs\\utils\\bin\\gmake" -k -j 16 all -O 
 
gmake[1]: 'Stepper Motor.out' is up to date.

**** Build Finished ****

**** Build of configuration Debug for project Stepper Motor ****

"C:\\ti\\ccs1110\\ccs\\utils\\bin\\gmake" -k -j 16 all -O 
 
Building file: "../main.c"
Invoking: Arm Compiler
"C:/ti/ccs1110/ccs/tools/compiler/ti-cgt-arm_20.2.5.LTS/bin/armcl" -mv7M4 --code_state=16 --float_support=FPv4SPD16 -me --include_path="C:/Users/Henry/OneDrive/Desktop/TI/Projects/Stepper Motor" --include_path="C:/ti/ccs1110/TivaWare_C_Series-2.2.0.295/inc" --include_path="C:/ti/ccs1110/ccs/tools/compiler/ti-cgt-arm_20.2.5.LTS/include" --define=ccs="ccs" --define=PART_TM4C123GH6PM -g --gcc --diag_warning=225 --diag_wrap=off --display_error_number --abi=eabi --preproc_with_compile --preproc_dependency="main.d_raw"  "../main.c"
 
>> Compilation failure
subdir_rules.mk:9: recipe for target 'main.obj' failed
"../main.c", line 19: error #20: identifier "SYSCTL" is undefined
"../main.c", line 22: error #20: identifier "GPIOF" is undefined
"../main.c", line 57: error #20: identifier "SCB" is undefined
3 errors detected in the compilation of "../main.c".
gmake: *** [main.obj] Error 1
gmake: Target 'all' not remade because of errors.

**** Build Finished ****

**** Build of configuration Debug for project Stepper Motor ****

"C:\\ti\\ccs1110\\ccs\\utils\\bin\\gmake" -k -j 16 all -O 
 
Building file: "../main.c"
Invoking: Arm Compiler
"C:/ti/ccs1110/ccs/tools/compiler/ti-cgt-arm_20.2.5.LTS/bin/armcl" -mv7M4 --code_state=16 --float_support=FPv4SPD16 -me --include_path="C:/Users/Henry/OneDrive/Desktop/TI/Projects/Stepper Motor" --include_path="C:/ti/ccs1110/TivaWare_C_Series-2.2.0.295/inc" --include_path="C:/ti/ccs1110/ccs/tools/compiler/ti-cgt-arm_20.2.5.LTS/include" --define=ccs="ccs" --define=PART_TM4C123GH6PM -g --gcc --diag_warning=225 --diag_wrap=off --display_error_number --abi=eabi --preproc_with_compile --preproc_dependency="main.d_raw"  "../main.c"
"../main.c", line 63: warning #112-D: statement is unreachable
Finished building: "../main.c"
 
Building target: "Stepper Motor.out"
Invoking: Arm Linker
"C:/ti/ccs1110/ccs/tools/compiler/ti-cgt-arm_20.2.5.LTS/bin/armcl" -mv7M4 --code_state=16 --float_support=FPv4SPD16 -me --define=ccs="ccs" --define=PART_TM4C123GH6PM -g --gcc --diag_warning=225 --diag_wrap=off --display_error_number --abi=eabi -z -m"Stepper Motor.map" --heap_size=0 --stack_size=512 -i"C:/ti/ccs1110/ccs/tools/compiler/ti-cgt-arm_20.2.5.LTS/lib" -i"C:/ti/ccs1110/ccs/tools/compiler/ti-cgt-arm_20.2.5.LTS/include" --reread_libs --diag_wrap=off --display_error_number --warn_sections --xml_link_info="Stepper Motor_linkInfo.xml" --rom_model -o "Stepper Motor.out" "./main.obj" "./tm4c123gh6pm_startup_ccs.obj" "../tm4c123gh6pm.cmd"  -llibc.a 
<Linking>
Finished building target: "Stepper Motor.out"
 

**** Build Finished ****

**** Build of configuration Debug for project Stepper Motor ****

"C:\\ti\\ccs1110\\ccs\\utils\\bin\\gmake" -k -j 16 all -O 
 
Building file: "../main.c"
Invoking: Arm Compiler
"C:/ti/ccs1110/ccs/tools/compiler/ti-cgt-arm_20.2.5.LTS/bin/armcl" -mv7M4 --code_state=16 --float_support=FPv4SPD16 -me --include_path="C:/Users/Henry/OneDrive/Desktop/TI/Projects/Stepper Motor" --include_path="C:/ti/ccs1110/TivaWare_C_Series-2.2.0.295/inc" --include_path="C:/ti/ccs1110/ccs/tools/compiler/ti-cgt-arm_20.2.5.LTS/include" --define=ccs="ccs" --define=PART_TM4C123GH6PM -g --gcc --diag_warning=225 --diag_wrap=off --display_error_number --abi=eabi --preproc_with_compile --preproc_dependency="main.d_raw"  "../main.c"
"../main.c", line 63: warning #112-D: statement is unreachable
Finished building: "../main.c"
 
Building target: "Stepper Motor.out"
Invoking: Arm Linker
"C:/ti/ccs1110/ccs/tools/compiler/ti-cgt-arm_20.2.5.LTS/bin/armcl" -mv7M4 --code_state=16 --float_support=FPv4SPD16 -me --define=ccs="ccs" --define=PART_TM4C123GH6PM -g --gcc --diag_warning=225 --diag_wrap=off --display_error_number --abi=eabi -z -m"Stepper Motor.map" --heap_size=0 --stack_size=512 -i"C:/ti/ccs1110/ccs/tools/compiler/ti-cgt-arm_20.2.5.LTS/lib" -i"C:/ti/ccs1110/ccs/tools/compiler/ti-cgt-arm_20.2.5.LTS/include" --reread_libs --diag_wrap=off --display_error_number --warn_sections --xml_link_info="Stepper Motor_linkInfo.xml" --rom_model -o "Stepper Motor.out" "./main.obj" "./tm4c123gh6pm_startup_ccs.obj" "../tm4c123gh6pm.cmd"  -llibc.a 
<Linking>
Finished building target: "Stepper Motor.out"
 

**** Build Finished ****

**** Build of configuration Debug for project Stepper Motor ****

"C:\\ti\\ccs1110\\ccs\\utils\\bin\\gmake" -k -j 16 all -O 
 
gmake[1]: 'Stepper Motor.out' is up to date.

**** Build Finished ****

**** Build of configuration Debug for project Stepper Motor ****

"C:\\ti\\ccs1110\\ccs\\utils\\bin\\gmake" -k -j 16 all -O 
 
Building file: "../main.c"
Invoking: Arm Compiler
"C:/ti/ccs1110/ccs/tools/compiler/ti-cgt-arm_20.2.5.LTS/bin/armcl" -mv7M4 --code_state=16 --float_support=FPv4SPD16 -me --include_path="C:/Users/Henry/OneDrive/Desktop/TI/Projects/Stepper Motor" --include_path="C:/ti/ccs1110/TivaWare_C_Series-2.2.0.295/inc" --include_path="C:/ti/ccs1110/ccs/tools/compiler/ti-cgt-arm_20.2.5.LTS/include" --define=ccs="ccs" --define=PART_TM4C123GH6PM -g --gcc --diag_warning=225 --diag_wrap=off --display_error_number --abi=eabi --preproc_with_compile --preproc_dependency="main.d_raw"  "../main.c"
"../main.c", line 79: warning #112-D: statement is unreachable
"../main.c", line 30: warning #179-D: variable "direction" was declared but never referenced
"../main.c", line 31: warning #179-D: variable "steps" was declared but never referenced
Finished building: "../main.c"
 
Building target: "Stepper Motor.out"
Invoking: Arm Linker
"C:/ti/ccs1110/ccs/tools/compiler/ti-cgt-arm_20.2.5.LTS/bin/armcl" -mv7M4 --code_state=16 --float_support=FPv4SPD16 -me --define=ccs="ccs" --define=PART_TM4C123GH6PM -g --gcc --diag_warning=225 --diag_wrap=off --display_error_number --abi=eabi -z -m"Stepper Motor.map" --heap_size=0 --stack_size=512 -i"C:/ti/ccs1110/ccs/tools/compiler/ti-cgt-arm_20.2.5.LTS/lib" -i"C:/ti/ccs1110/ccs/tools/compiler/ti-cgt-arm_20.2.5.LTS/include" --reread_libs --diag_wrap=off --display_error_number --warn_sections --xml_link_info="Stepper Motor_linkInfo.xml" --rom_model -o "Stepper Motor.out" "./main.obj" "./tm4c123gh6pm_startup_ccs.obj" "../tm4c123gh6pm.cmd"  -llibc.a 
<Linking>
Finished building target: "Stepper Motor.out"
 

**** Build Finished ****

**** Build of configuration Debug for project Stepper Motor ****

"C:\\ti\\ccs1110\\ccs\\utils\\bin\\gmake" -k -j 16 all -O 
 
gmake[1]: 'Stepper Motor.out' is up to date.

**** Build Finished ****

**** Build of configuration Debug for project Stepper Motor ****

"C:\\ti\\ccs1110\\ccs\\utils\\bin\\gmake" -k -j 16 all -O 
 
Building file: "../main.c"
Invoking: Arm Compiler
"C:/ti/ccs1110/ccs/tools/compiler/ti-cgt-arm_20.2.5.LTS/bin/armcl" -mv7M4 --code_state=16 --float_support=FPv4SPD16 -me --include_path="C:/Users/Henry/OneDrive/Desktop/TI/Projects/Stepper Motor" --include_path="C:/ti/ccs1110/TivaWare_C_Series-2.2.0.295/inc" --include_path="C:/ti/ccs1110/ccs/tools/compiler/ti-cgt-arm_20.2.5.LTS/include" --define=ccs="ccs" --define=PART_TM4C123GH6PM -g --gcc --diag_warning=225 --diag_wrap=off --display_error_number --abi=eabi --preproc_with_compile --preproc_dependency="main.d_raw"  "../main.c"
"../main.c", line 65: warning #112-D: statement is unreachable
Finished building: "../main.c"
 
Building target: "Stepper Motor.out"
Invoking: Arm Linker
"C:/ti/ccs1110/ccs/tools/compiler/ti-cgt-arm_20.2.5.LTS/bin/armcl" -mv7M4 --code_state=16 --float_support=FPv4SPD16 -me --define=ccs="ccs" --define=PART_TM4C123GH6PM -g --gcc --diag_warning=225 --diag_wrap=off --display_error_number --abi=eabi -z -m"Stepper Motor.map" --heap_size=0 --stack_size=512 -i"C:/ti/ccs1110/ccs/tools/compiler/ti-cgt-arm_20.2.5.LTS/lib" -i"C:/ti/ccs1110/ccs/tools/compiler/ti-cgt-arm_20.2.5.LTS/include" --reread_libs --diag_wrap=off --display_error_number --warn_sections --xml_link_info="Stepper Motor_linkInfo.xml" --rom_model -o "Stepper Motor.out" "./main.obj" "./tm4c123gh6pm_startup_ccs.obj" "../tm4c123gh6pm.cmd"  -llibc.a 
<Linking>
Finished building target: "Stepper Motor.out"
 

**** Build Finished ****

**** Build of configuration Debug for project Stepper Motor ****

"C:\\ti\\ccs1110\\ccs\\utils\\bin\\gmake" -k -j 16 all -O 
 
gmake[1]: 'Stepper Motor.out' is up to date.

**** Build Finished ****

**** Build of configuration Debug for project Stepper Motor ****

"C:\\ti\\ccs1110\\ccs\\utils\\bin\\gmake" -k -j 16 all -O 
 
Building file: "../main.c"
Invoking: Arm Compiler
"C:/ti/ccs1110/ccs/tools/compiler/ti-cgt-arm_20.2.5.LTS/bin/armcl" -mv7M4 --code_state=16 --float_support=FPv4SPD16 -me --include_path="C:/Users/Henry/OneDrive/Desktop/TI/Projects/Stepper Motor" --include_path="C:/ti/ccs1110/TivaWare_C_Series-2.2.0.295/inc" --include_path="C:/ti/ccs1110/ccs/tools/compiler/ti-cgt-arm_20.2.5.LTS/include" --define=ccs="ccs" --define=PART_TM4C123GH6PM -g --gcc --diag_warning=225 --diag_wrap=off --display_error_number --abi=eabi --preproc_with_compile --preproc_dependency="main.d_raw"  "../main.c"
"../main.c", line 65: warning #112-D: statement is unreachable
Finished building: "../main.c"
 
Building target: "Stepper Motor.out"
Invoking: Arm Linker
"C:/ti/ccs1110/ccs/tools/compiler/ti-cgt-arm_20.2.5.LTS/bin/armcl" -mv7M4 --code_state=16 --float_support=FPv4SPD16 -me --define=ccs="ccs" --define=PART_TM4C123GH6PM -g --gcc --diag_warning=225 --diag_wrap=off --display_error_number --abi=eabi -z -m"Stepper Motor.map" --heap_size=0 --stack_size=512 -i"C:/ti/ccs1110/ccs/tools/compiler/ti-cgt-arm_20.2.5.LTS/lib" -i"C:/ti/ccs1110/ccs/tools/compiler/ti-cgt-arm_20.2.5.LTS/include" --reread_libs --diag_wrap=off --display_error_number --warn_sections --xml_link_info="Stepper Motor_linkInfo.xml" --rom_model -o "Stepper Motor.out" "./main.obj" "./tm4c123gh6pm_startup_ccs.obj" "../tm4c123gh6pm.cmd"  -llibc.a 
<Linking>
Finished building target: "Stepper Motor.out"
 

**** Build Finished ****

**** Build of configuration Debug for project Stepper Motor ****

"C:\\ti\\ccs1110\\ccs\\utils\\bin\\gmake" -k -j 16 all -O 
 
Building file: "../main.c"
Invoking: Arm Compiler
"C:/ti/ccs1110/ccs/tools/compiler/ti-cgt-arm_20.2.5.LTS/bin/armcl" -mv7M4 --code_state=16 --float_support=FPv4SPD16 -me --include_path="C:/Users/Henry/OneDrive/Desktop/TI/Projects/Stepper Motor" --include_path="C:/ti/ccs1110/TivaWare_C_Series-2.2.0.295/inc" --include_path="C:/ti/ccs1110/ccs/tools/compiler/ti-cgt-arm_20.2.5.LTS/include" --define=ccs="ccs" --define=PART_TM4C123GH6PM -g --gcc --diag_warning=225 --diag_wrap=off --display_error_number --abi=eabi --preproc_with_compile --preproc_dependency="main.d_raw"  "../main.c"
"../main.c", line 65: warning #112-D: statement is unreachable
Finished building: "../main.c"
 
Building target: "Stepper Motor.out"
Invoking: Arm Linker
"C:/ti/ccs1110/ccs/tools/compiler/ti-cgt-arm_20.2.5.LTS/bin/armcl" -mv7M4 --code_state=16 --float_support=FPv4SPD16 -me --define=ccs="ccs" --define=PART_TM4C123GH6PM -g --gcc --diag_warning=225 --diag_wrap=off --display_error_number --abi=eabi -z -m"Stepper Motor.map" --heap_size=0 --stack_size=512 -i"C:/ti/ccs1110/ccs/tools/compiler/ti-cgt-arm_20.2.5.LTS/lib" -i"C:/ti/ccs1110/ccs/tools/compiler/ti-cgt-arm_20.2.5.LTS/include" --reread_libs --diag_wrap=off --display_error_number --warn_sections --xml_link_info="Stepper Motor_linkInfo.xml" --rom_model -o "Stepper Motor.out" "./main.obj" "./tm4c123gh6pm_startup_ccs.obj" "../tm4c123gh6pm.cmd"  -llibc.a 
<Linking>
Finished building target: "Stepper Motor.out"
 

**** Build Finished ****

**** Build of configuration Debug for project Stepper Motor ****

"C:\\ti\\ccs1110\\ccs\\utils\\bin\\gmake" -k -j 16 all -O 
 
gmake[1]: 'Stepper Motor.out' is up to date.

**** Build Finished ****

**** Build of configuration Debug for project Stepper Motor ****

"C:\\ti\\ccs1110\\ccs\\utils\\bin\\gmake" -k -j 16 all -O 
 
gmake[1]: 'Stepper Motor.out' is up to date.

**** Build Finished ****

**** Build of configuration Debug for project SupervisorCallException ****

"C:\\ti\\ccs1110\\ccs\\utils\\bin\\gmake" -k -j 16 all -O 
 
Building file: "../main.c"
Invoking: Arm Compiler
"C:/ti/ccs1110/ccs/tools/compiler/ti-cgt-arm_20.2.5.LTS/bin/armcl" -mv7M4 --code_state=16 --float_support=FPv4SPD16 -me --include_path="C:/Users/Henry/MCU.Tiva/Projects/SupervisorCallException" --include_path="C:/ti/ccs1110/ccs/tools/compiler/ti-cgt-arm_20.2.5.LTS/include" --define=ccs="ccs" --define=PART_TM4C123GH6PM -g --gcc --diag_warning=225 --diag_wrap=off --display_error_number --abi=eabi --preproc_with_compile --preproc_dependency="main.d_raw"  "../main.c"
 
>> Compilation failure
subdir_rules.mk:9: recipe for target 'main.obj' failed
"../main.c", line 7: error #80: expected a type specifier
"../main.c", line 7: error #142-D: unnamed prototyped parameters not allowed when body is present
"../main.c", line 7: error #131: expected a "{"
"../main.c", line 15: warning #12-D: parsing restarts here after previous syntax error
"../main.c", line 16: error #20: identifier "x" is undefined
"../main.c", line 17: error #20: identifier "y" is undefined
"../main.c", line 18: error #20: identifier "z" is undefined
"../main.c", line 18: warning #225-D: function "svc_service_add" declared implicitly
"../main.c", line 22: warning #225-D: function "svc_service_sub" declared implicitly
"../main.c", line 24: warning #225-D: function "svc_service_mul" declared implicitly
"../main.c", line 29: warning #225-D: function "svc_service_div" declared implicitly
"../main.c", line 34: error #41: expected an identifier
"../main.c", line 36: error #20: identifier "TST" is undefined
"../main.c", line 36: error #10: "#" not expected here
"../main.c", line 36: error #41: expected an identifier
"../main.c", line 39: error #66: expected a ";"
"../main.c", line 46: error #143: expression must have pointer-to-object type
12 errors detected in the compilation of "../main.c".
gmake: *** [main.obj] Error 1
Building file: "../tm4c123gh6pm_startup_ccs.c"
Invoking: Arm Compiler
"C:/ti/ccs1110/ccs/tools/compiler/ti-cgt-arm_20.2.5.LTS/bin/armcl" -mv7M4 --code_state=16 --float_support=FPv4SPD16 -me --include_path="C:/Users/Henry/MCU.Tiva/Projects/SupervisorCallException" --include_path="C:/ti/ccs1110/ccs/tools/compiler/ti-cgt-arm_20.2.5.LTS/include" --define=ccs="ccs" --define=PART_TM4C123GH6PM -g --gcc --diag_warning=225 --diag_wrap=off --display_error_number --abi=eabi --preproc_with_compile --preproc_dependency="tm4c123gh6pm_startup_ccs.d_raw"  "../tm4c123gh6pm_startup_ccs.c"
Finished building: "../tm4c123gh6pm_startup_ccs.c"
 
gmake: Target 'all' not remade because of errors.

**** Build Finished ****

**** Build of configuration Debug for project SupervisorCallException ****

"C:\\ti\\ccs1110\\ccs\\utils\\bin\\gmake" -k -j 16 all -O 
 
Building file: "../main.c"
Invoking: Arm Compiler
"C:/ti/ccs1110/ccs/tools/compiler/ti-cgt-arm_20.2.5.LTS/bin/armcl" -mv7M4 --code_state=16 --float_support=FPv4SPD16 -me --include_path="C:/Users/Henry/MCU.Tiva/Projects/SupervisorCallException" --include_path="C:/ti/ccs1110/ccs/tools/compiler/ti-cgt-arm_20.2.5.LTS/include" --define=ccs="ccs" --define=PART_TM4C123GH6PM -g --gcc --diag_warning=225 --diag_wrap=off --display_error_number --abi=eabi --preproc_with_compile --preproc_dependency="main.d_raw"  "../main.c"
 
>> Compilation failure
subdir_rules.mk:9: recipe for target 'main.obj' failed
"../main.c", line 7: error #80: expected a type specifier
"../main.c", line 7: error #142-D: unnamed prototyped parameters not allowed when body is present
"../main.c", line 7: error #131: expected a "{"
"../main.c", line 15: warning #12-D: parsing restarts here after previous syntax error
"../main.c", line 16: error #20: identifier "x" is undefined
"../main.c", line 17: error #20: identifier "y" is undefined
"../main.c", line 18: error #20: identifier "z" is undefined
"../main.c", line 18: warning #225-D: function "svc_service_add" declared implicitly
"../main.c", line 22: warning #225-D: function "svc_service_sub" declared implicitly
"../main.c", line 24: warning #225-D: function "svc_service_mul" declared implicitly
"../main.c", line 29: warning #225-D: function "svc_service_div" declared implicitly
"../main.c", line 34: error #41: expected an identifier
"../main.c", line 36: error #20: identifier "TST" is undefined
"../main.c", line 36: error #10: "#" not expected here
"../main.c", line 36: error #41: expected an identifier
"../main.c", line 39: error #66: expected a ";"
"../main.c", line 46: error #143: expression must have pointer-to-object type
12 errors detected in the compilation of "../main.c".
gmake: *** [main.obj] Error 1
gmake: Target 'all' not remade because of errors.

**** Build Finished ****

**** Build of configuration Debug for project SupervisorCallException ****

"C:\\ti\\ccs1110\\ccs\\utils\\bin\\gmake" -k -j 16 all -O 
 
Building file: "../main.c"
Invoking: Arm Compiler
"C:/ti/ccs1110/ccs/tools/compiler/ti-cgt-arm_20.2.5.LTS/bin/armcl" -mv7M4 --code_state=16 --float_support=FPv4SPD16 -me --include_path="C:/Users/Henry/MCU.Tiva/Projects/SupervisorCallException" --include_path="C:/ti/ccs1110/ccs/tools/compiler/ti-cgt-arm_20.2.5.LTS/include" --define=ccs="ccs" --define=PART_TM4C123GH6PM -g --gcc --diag_warning=225 --diag_wrap=off --display_error_number --abi=eabi --preproc_with_compile --preproc_dependency="main.d_raw"  "../main.c"
 
>> Compilation failure
subdir_rules.mk:9: recipe for target 'main.obj' failed
"../main.c", line 18: warning #225-D: function "svc_service_add" declared implicitly
"../main.c", line 22: warning #225-D: function "svc_service_sub" declared implicitly
"../main.c", line 24: warning #225-D: function "svc_service_mul" declared implicitly
"../main.c", line 29: warning #225-D: function "svc_service_div" declared implicitly
"../main.c", line 34: error #41: expected an identifier
"../main.c", line 36: error #20: identifier "TST" is undefined
"../main.c", line 36: error #10: "#" not expected here
"../main.c", line 36: error #41: expected an identifier
"../main.c", line 39: error #66: expected a ";"
"../main.c", line 46: error #143: expression must have pointer-to-object type
6 errors detected in the compilation of "../main.c".
gmake: *** [main.obj] Error 1
gmake: Target 'all' not remade because of errors.

**** Build Finished ****

**** Build of configuration Debug for project SupervisorCallException ****

"C:\\ti\\ccs1110\\ccs\\utils\\bin\\gmake" -k -j 16 all -O 
 
Building file: "../main.c"
Invoking: Arm Compiler
"C:/ti/ccs1110/ccs/tools/compiler/ti-cgt-arm_20.2.5.LTS/bin/armcl" -mv7M4 --code_state=16 --float_support=FPv4SPD16 -me --include_path="C:/Users/Henry/MCU.Tiva/Projects/SupervisorCallException" --include_path="C:/ti/ccs1110/ccs/tools/compiler/ti-cgt-arm_20.2.5.LTS/include" --define=ccs="ccs" --define=PART_TM4C123GH6PM -g --gcc --diag_warning=225 --diag_wrap=off --display_error_number --abi=eabi --preproc_with_compile --preproc_dependency="main.d_raw"  "../main.c"
 
>> Compilation failure
subdir_rules.mk:9: recipe for target 'main.obj' failed
"../main.c", line 7: error #80: expected a type specifier
"../main.c", line 7: error #142-D: unnamed prototyped parameters not allowed when body is present
"../main.c", line 7: error #131: expected a "{"
"../main.c", line 15: warning #12-D: parsing restarts here after previous syntax error
"../main.c", line 16: error #20: identifier "x" is undefined
"../main.c", line 17: error #20: identifier "y" is undefined
"../main.c", line 18: error #20: identifier "z" is undefined
"../main.c", line 18: warning #225-D: function "svc_service_add" declared implicitly
"../main.c", line 22: warning #225-D: function "svc_service_sub" declared implicitly
"../main.c", line 24: warning #225-D: function "svc_service_mul" declared implicitly
"../main.c", line 29: warning #225-D: function "svc_service_div" declared implicitly
"../main.c", line 34: error #41: expected an identifier
"../main.c", line 36: error #20: identifier "TST" is undefined
"../main.c", line 36: error #10: "#" not expected here
"../main.c", line 36: error #41: expected an identifier
"../main.c", line 39: error #66: expected a ";"
"../main.c", line 46: error #143: expression must have pointer-to-object type
12 errors detected in the compilation of "../main.c".
gmake: *** [main.obj] Error 1
gmake: Target 'all' not remade because of errors.

**** Build Finished ****

**** Build of configuration Debug for project SupervisorCallException ****

"C:\\ti\\ccs1110\\ccs\\utils\\bin\\gmake" -k -j 16 all -O 
 
Building file: "../main.c"
Invoking: Arm Compiler
"C:/ti/ccs1110/ccs/tools/compiler/ti-cgt-arm_20.2.5.LTS/bin/armcl" -mv7M4 --code_state=16 --float_support=FPv4SPD16 -me --include_path="C:/Users/Henry/MCU.Tiva/Projects/SupervisorCallException" --include_path="C:/ti/ccs1110/ccs/tools/compiler/ti-cgt-arm_20.2.5.LTS/include" --define=ccs="ccs" --define=PART_TM4C123GH6PM -g --gcc --diag_warning=225 --diag_wrap=off --display_error_number --abi=eabi --preproc_with_compile --preproc_dependency="main.d_raw"  "../main.c"
 
>> Compilation failure
subdir_rules.mk:9: recipe for target 'main.obj' failed
"../main.c", line 7: error #80: expected a type specifier
"../main.c", line 7: error #142-D: unnamed prototyped parameters not allowed when body is present
"../main.c", line 7: error #131: expected a "{"
"../main.c", line 15: warning #12-D: parsing restarts here after previous syntax error
"../main.c", line 16: error #20: identifier "TST" is undefined
"../main.c", line 16: error #10: "#" not expected here
"../main.c", line 16: error #41: expected an identifier
"../main.c", line 19: error #66: expected a ";"
"../main.c", line 21: warning #994-D: missing return statement at end of non-void function "__svc"
"../main.c", line 26: error #143: expression must have pointer-to-object type
"../main.c", line 57: error #20: identifier "x" is undefined
"../main.c", line 58: error #20: identifier "y" is undefined
"../main.c", line 59: error #20: identifier "z" is undefined
"../main.c", line 59: warning #225-D: function "svc_service_add" declared implicitly
"../main.c", line 63: warning #225-D: function "svc_service_sub" declared implicitly
"../main.c", line 65: warning #225-D: function "svc_service_mul" declared implicitly
"../main.c", line 70: warning #225-D: function "svc_service_div" declared implicitly
11 errors detected in the compilation of "../main.c".
gmake: *** [main.obj] Error 1
gmake: Target 'all' not remade because of errors.

**** Build Finished ****

**** Build of configuration Debug for project SupervisorCallException ****

"C:\\ti\\ccs1110\\ccs\\utils\\bin\\gmake" -k -j 16 all -O 
 
Building file: "../main.c"
Invoking: Arm Compiler
"C:/ti/ccs1110/ccs/tools/compiler/ti-cgt-arm_20.2.5.LTS/bin/armcl" -mv7M4 --code_state=16 --float_support=FPv4SPD16 -me --include_path="C:/Users/Henry/MCU.Tiva/Projects/SupervisorCallException" --include_path="C:/ti/ccs1110/ccs/tools/compiler/ti-cgt-arm_20.2.5.LTS/include" --define=ccs="ccs" --define=PART_TM4C123GH6PM -g --gcc --diag_warning=225 --diag_wrap=off --display_error_number --abi=eabi --preproc_with_compile --preproc_dependency="main.d_raw"  "../main.c"
 
>> Compilation failure
subdir_rules.mk:9: recipe for target 'main.obj' failed
"../main.c", line 7: error #80: expected a type specifier
"../main.c", line 7: error #142-D: unnamed prototyped parameters not allowed when body is present
"../main.c", line 7: error #131: expected a "{"
"../main.c", line 15: warning #12-D: parsing restarts here after previous syntax error
"../main.c", line 16: error #20: identifier "TST" is undefined
"../main.c", line 16: error #10: "#" not expected here
"../main.c", line 16: error #41: expected an identifier
"../main.c", line 19: error #66: expected a ";"
"../main.c", line 21: warning #994-D: missing return statement at end of non-void function "__svc"
"../main.c", line 26: error #143: expression must have pointer-to-object type
"../main.c", line 57: error #20: identifier "x" is undefined
"../main.c", line 58: error #20: identifier "y" is undefined
"../main.c", line 59: error #20: identifier "z" is undefined
"../main.c", line 59: warning #225-D: function "svc_service_add" declared implicitly
"../main.c", line 63: warning #225-D: function "svc_service_sub" declared implicitly
"../main.c", line 65: warning #225-D: function "svc_service_mul" declared implicitly
"../main.c", line 70: warning #225-D: function "svc_service_div" declared implicitly
11 errors detected in the compilation of "../main.c".
gmake: *** [main.obj] Error 1
gmake: Target 'all' not remade because of errors.

**** Build Finished ****

**** Build of configuration Debug for project SupervisorCallException ****

"C:\\ti\\ccs1110\\ccs\\utils\\bin\\gmake" -k -j 16 all -O 
 
Building file: "../main.c"
Invoking: Arm Compiler
"C:/ti/ccs1110/ccs/tools/compiler/ti-cgt-arm_20.2.5.LTS/bin/armcl" -mv7M4 --code_state=16 --float_support=FPv4SPD16 -me --include_path="C:/Users/Henry/MCU.Tiva/Projects/SupervisorCallException" --include_path="C:/ti/ccs1110/ccs/tools/compiler/ti-cgt-arm_20.2.5.LTS/include" --define=ccs="ccs" --define=PART_TM4C123GH6PM -g --gcc --diag_warning=225 --diag_wrap=off --display_error_number --abi=eabi --preproc_with_compile --preproc_dependency="main.d_raw"  "../main.c"
 
>> Compilation failure
subdir_rules.mk:9: recipe for target 'main.obj' failed
"../main.c", line 7: error #80: expected a type specifier
"../main.c", line 7: error #142-D: unnamed prototyped parameters not allowed when body is present
"../main.c", line 7: error #131: expected a "{"
"../main.c", line 17: warning #12-D: parsing restarts here after previous syntax error
"../main.c", line 18: error #20: identifier "TST" is undefined
"../main.c", line 18: error #10: "#" not expected here
"../main.c", line 18: error #41: expected an identifier
"../main.c", line 21: error #66: expected a ";"
"../main.c", line 23: warning #994-D: missing return statement at end of non-void function "__svc"
"../main.c", line 28: error #143: expression must have pointer-to-object type
"../main.c", line 59: error #20: identifier "x" is undefined
"../main.c", line 60: error #20: identifier "y" is undefined
"../main.c", line 61: error #20: identifier "z" is undefined
"../main.c", line 61: warning #225-D: function "svc_service_add" declared implicitly
"../main.c", line 65: warning #225-D: function "svc_service_sub" declared implicitly
"../main.c", line 67: warning #225-D: function "svc_service_mul" declared implicitly
"../main.c", line 72: warning #225-D: function "svc_service_div" declared implicitly
11 errors detected in the compilation of "../main.c".
gmake: *** [main.obj] Error 1
gmake: Target 'all' not remade because of errors.

**** Build Finished ****

**** Build of configuration Debug for project SupervisorCallException ****

"C:\\ti\\ccs1110\\ccs\\utils\\bin\\gmake" -k -j 16 all -O 
 
Building file: "../main.c"
Invoking: Arm Compiler
"C:/ti/ccs1110/ccs/tools/compiler/ti-cgt-arm_20.2.5.LTS/bin/armcl" -mv7M4 --code_state=16 --float_support=FPv4SPD16 -me --include_path="C:/Users/Henry/MCU.Tiva/Projects/SupervisorCallException" --include_path="C:/ti/ccs1110/ccs/tools/compiler/ti-cgt-arm_20.2.5.LTS/include" --define=ccs="ccs" --define=PART_TM4C123GH6PM -g --gcc --diag_warning=225 --diag_wrap=off --display_error_number --abi=eabi --preproc_with_compile --preproc_dependency="main.d_raw"  "../main.c"
 
>> Compilation failure
subdir_rules.mk:9: recipe for target 'main.obj' failed
"../main.c", line 7: error #80: expected a type specifier
"../main.c", line 7: error #142-D: unnamed prototyped parameters not allowed when body is present
"../main.c", line 7: error #131: expected a "{"
"../main.c", line 17: warning #12-D: parsing restarts here after previous syntax error
"../main.c", line 18: error #20: identifier "TST" is undefined
"../main.c", line 18: error #10: "#" not expected here
"../main.c", line 18: error #41: expected an identifier
"../main.c", line 21: error #66: expected a ";"
"../main.c", line 23: warning #994-D: missing return statement at end of non-void function "__svc"
"../main.c", line 28: error #143: expression must have pointer-to-object type
"../main.c", line 59: error #20: identifier "x" is undefined
"../main.c", line 60: error #20: identifier "y" is undefined
"../main.c", line 61: error #20: identifier "z" is undefined
"../main.c", line 61: warning #225-D: function "svc_service_add" declared implicitly
"../main.c", line 65: warning #225-D: function "svc_service_sub" declared implicitly
"../main.c", line 67: warning #225-D: function "svc_service_mul" declared implicitly
"../main.c", line 72: warning #225-D: function "svc_service_div" declared implicitly
11 errors detected in the compilation of "../main.c".
gmake: *** [main.obj] Error 1
gmake: Target 'all' not remade because of errors.

**** Build Finished ****

**** Build of configuration Debug for project SupervisorCallException ****

"C:\\ti\\ccs1110\\ccs\\utils\\bin\\gmake" -k -j 16 all -O 
 
Building file: "../main.c"
Invoking: Arm Compiler
"C:/ti/ccs1110/ccs/tools/compiler/ti-cgt-arm_20.2.5.LTS/bin/armcl" -mv7M4 --code_state=16 --float_support=FPv4SPD16 -me --include_path="C:/Users/Henry/MCU.Tiva/Projects/SupervisorCallException" --include_path="C:/ti/ccs1110/ccs/tools/compiler/ti-cgt-arm_20.2.5.LTS/include" --define=ccs="ccs" --define=PART_TM4C123GH6PM -g --gcc --diag_warning=225 --diag_wrap=off --display_error_number --abi=eabi --preproc_with_compile --preproc_dependency="main.d_raw"  "../main.c"
 
>> Compilation failure
subdir_rules.mk:9: recipe for target 'main.obj' failed
"../main.c", line 7: error #80: expected a type specifier
"../main.c", line 7: error #142-D: unnamed prototyped parameters not allowed when body is present
"../main.c", line 7: error #131: expected a "{"
"../main.c", line 17: warning #12-D: parsing restarts here after previous syntax error
"../main.c", line 18: error #20: identifier "TST" is undefined
"../main.c", line 18: error #10: "#" not expected here
"../main.c", line 18: error #41: expected an identifier
"../main.c", line 21: error #66: expected a ";"
"../main.c", line 23: warning #994-D: missing return statement at end of non-void function "__svc"
"../main.c", line 28: error #143: expression must have pointer-to-object type
"../main.c", line 59: error #20: identifier "x" is undefined
"../main.c", line 60: error #20: identifier "y" is undefined
"../main.c", line 61: error #20: identifier "z" is undefined
"../main.c", line 61: warning #225-D: function "svc_service_add" declared implicitly
"../main.c", line 65: warning #225-D: function "svc_service_sub" declared implicitly
"../main.c", line 67: warning #225-D: function "svc_service_mul" declared implicitly
"../main.c", line 72: warning #225-D: function "svc_service_div" declared implicitly
11 errors detected in the compilation of "../main.c".
gmake: *** [main.obj] Error 1
gmake: Target 'all' not remade because of errors.

**** Build Finished ****

**** Build of configuration Debug for project SupervisorCallException ****

"C:\\ti\\ccs1110\\ccs\\utils\\bin\\gmake" -k -j 16 all -O 
 
Building file: "../main.c"
Invoking: Arm Compiler
"C:/ti/ccs1110/ccs/tools/compiler/ti-cgt-arm_20.2.5.LTS/bin/armcl" -mv7M4 --code_state=16 --float_support=FPv4SPD16 -me --include_path="C:/Users/Henry/MCU.Tiva/Projects/SupervisorCallException" --include_path="C:/ti/ccs1110/ccs/tools/compiler/ti-cgt-arm_20.2.5.LTS/include" --define=ccs="ccs" --define=PART_TM4C123GH6PM -g --gcc --diag_warning=225 --diag_wrap=off --display_error_number --abi=eabi --preproc_with_compile --preproc_dependency="main.d_raw"  "../main.c"
 
>> Compilation failure
subdir_rules.mk:9: recipe for target 'main.obj' failed
"../main.c", line 7: error #80: expected a type specifier
"../main.c", line 7: error #142-D: unnamed prototyped parameters not allowed when body is present
"../main.c", line 7: error #131: expected a "{"
"../main.c", line 17: warning #12-D: parsing restarts here after previous syntax error
"../main.c", line 18: error #20: identifier "TST" is undefined
"../main.c", line 18: error #10: "#" not expected here
"../main.c", line 18: error #41: expected an identifier
"../main.c", line 21: error #66: expected a ";"
"../main.c", line 23: warning #994-D: missing return statement at end of non-void function "__svc"
"../main.c", line 28: error #143: expression must have pointer-to-object type
"../main.c", line 61: warning #225-D: function "svc_service_add" declared implicitly
"../main.c", line 65: warning #225-D: function "svc_service_sub" declared implicitly
"../main.c", line 67: warning #225-D: function "svc_service_mul" declared implicitly
"../main.c", line 72: warning #225-D: function "svc_service_div" declared implicitly
8 errors detected in the compilation of "../main.c".
gmake: *** [main.obj] Error 1
gmake: Target 'all' not remade because of errors.

**** Build Finished ****

**** Build of configuration Debug for project SupervisorCallException ****

"C:\\ti\\ccs1110\\ccs\\utils\\bin\\gmake" -k -j 16 all -O 
 
Building file: "../main.c"
Invoking: Arm Compiler
"C:/ti/ccs1110/ccs/tools/compiler/ti-cgt-arm_20.2.5.LTS/bin/armcl" -mv7M4 --code_state=16 --float_support=FPv4SPD16 -me --include_path="C:/Users/Henry/MCU.Tiva/Projects/SupervisorCallException" --include_path="C:/ti/ccs1110/ccs/tools/compiler/ti-cgt-arm_20.2.5.LTS/include" --define=ccs="ccs" --define=PART_TM4C123GH6PM -g --gcc --diag_warning=225 --diag_wrap=off --display_error_number --abi=eabi --preproc_with_compile --preproc_dependency="main.d_raw"  "../main.c"
 
>> Compilation failure
subdir_rules.mk:9: recipe for target 'main.obj' failed
"../main.c", line 7: error #80: expected a type specifier
"../main.c", line 7: error #142-D: unnamed prototyped parameters not allowed when body is present
"../main.c", line 7: error #131: expected a "{"
"../main.c", line 13: warning #12-D: parsing restarts here after previous syntax error
"../main.c", line 14: error #20: identifier "TST" is undefined
"../main.c", line 14: error #10: "#" not expected here
"../main.c", line 14: error #41: expected an identifier
"../main.c", line 17: error #66: expected a ";"
"../main.c", line 19: warning #994-D: missing return statement at end of non-void function "__svc"
"../main.c", line 24: error #143: expression must have pointer-to-object type
"../main.c", line 57: warning #225-D: function "svc_service_add" declared implicitly
"../main.c", line 61: warning #225-D: function "svc_service_sub" declared implicitly
"../main.c", line 63: warning #225-D: function "svc_service_mul" declared implicitly
"../main.c", line 68: warning #225-D: function "svc_service_div" declared implicitly
8 errors detected in the compilation of "../main.c".
gmake: *** [main.obj] Error 1
gmake: Target 'all' not remade because of errors.

**** Build Finished ****

**** Build of configuration Debug for project SupervisorCallException ****

"C:\\ti\\ccs1110\\ccs\\utils\\bin\\gmake" -k -j 16 all -O 
 
Building file: "../main.c"
Invoking: Arm Compiler
"C:/ti/ccs1110/ccs/tools/compiler/ti-cgt-arm_20.2.5.LTS/bin/armcl" -mv7M4 --code_state=16 --float_support=FPv4SPD16 -me --include_path="C:/Users/Henry/MCU.Tiva/Projects/SupervisorCallException" --include_path="C:/ti/ccs1110/ccs/tools/compiler/ti-cgt-arm_20.2.5.LTS/include" --define=ccs="ccs" --define=PART_TM4C123GH6PM -g --gcc --diag_warning=225 --diag_wrap=off --display_error_number --abi=eabi --preproc_with_compile --preproc_dependency="main.d_raw"  "../main.c"
 
>> Compilation failure
subdir_rules.mk:9: recipe for target 'main.obj' failed
"../main.c", line 7: error #80: expected a type specifier
"../main.c", line 7: error #142-D: unnamed prototyped parameters not allowed when body is present
"../main.c", line 7: error #131: expected a "{"
"../main.c", line 13: warning #12-D: parsing restarts here after previous syntax error
"../main.c", line 14: error #20: identifier "TST" is undefined
"../main.c", line 14: error #10: "#" not expected here
"../main.c", line 14: error #41: expected an identifier
"../main.c", line 17: error #66: expected a ";"
"../main.c", line 19: warning #994-D: missing return statement at end of non-void function "__svc"
"../main.c", line 24: error #143: expression must have pointer-to-object type
"../main.c", line 57: warning #225-D: function "svc_service_add" declared implicitly
"../main.c", line 61: warning #225-D: function "svc_service_sub" declared implicitly
"../main.c", line 63: warning #225-D: function "svc_service_mul" declared implicitly
"../main.c", line 68: warning #225-D: function "svc_service_div" declared implicitly
8 errors detected in the compilation of "../main.c".
gmake: *** [main.obj] Error 1
gmake: Target 'all' not remade because of errors.

**** Build Finished ****

**** Build of configuration Debug for project SupervisorCallException ****

"C:\\ti\\ccs1110\\ccs\\utils\\bin\\gmake" -k -j 16 all -O 
 
Building file: "../main.c"
Invoking: Arm Compiler
"C:/ti/ccs1110/ccs/tools/compiler/ti-cgt-arm_20.2.5.LTS/bin/armcl" -mv7M4 --code_state=16 --float_support=FPv4SPD16 -me --include_path="C:/Users/Henry/MCU.Tiva/Projects/SupervisorCallException" --include_path="C:/ti/ccs1110/ccs/tools/compiler/ti-cgt-arm_20.2.5.LTS/include" --define=ccs="ccs" --define=PART_TM4C123GH6PM -g --gcc --diag_warning=225 --diag_wrap=off --display_error_number --abi=eabi --preproc_with_compile --preproc_dependency="main.d_raw"  "../main.c"
 
>> Compilation failure
subdir_rules.mk:9: recipe for target 'main.obj' failed
"../main.c", line 7: error #80: expected a type specifier
"../main.c", line 7: error #142-D: unnamed prototyped parameters not allowed when body is present
"../main.c", line 7: error #131: expected a "{"
"../main.c", line 13: warning #12-D: parsing restarts here after previous syntax error
"../main.c", line 14: error #20: identifier "TST" is undefined
"../main.c", line 14: error #10: "#" not expected here
"../main.c", line 14: error #41: expected an identifier
"../main.c", line 17: error #66: expected a ";"
"../main.c", line 19: warning #994-D: missing return statement at end of non-void function "_svc"
"../main.c", line 24: error #143: expression must have pointer-to-object type
"../main.c", line 57: warning #225-D: function "svc_service_add" declared implicitly
"../main.c", line 61: warning #225-D: function "svc_service_sub" declared implicitly
"../main.c", line 63: warning #225-D: function "svc_service_mul" declared implicitly
"../main.c", line 68: warning #225-D: function "svc_service_div" declared implicitly
8 errors detected in the compilation of "../main.c".
gmake: *** [main.obj] Error 1
gmake: Target 'all' not remade because of errors.

**** Build Finished ****

**** Build of configuration Debug for project SupervisorCallException ****

"C:\\ti\\ccs1110\\ccs\\utils\\bin\\gmake" -k -j 16 all -O 
 
Building file: "../main.c"
Invoking: Arm Compiler
"C:/ti/ccs1110/ccs/tools/compiler/ti-cgt-arm_20.2.5.LTS/bin/armcl" -mv7M4 --code_state=16 --float_support=FPv4SPD16 -me --include_path="C:/Users/Henry/MCU.Tiva/Projects/SupervisorCallException" --include_path="C:/ti/ccs1110/ccs/tools/compiler/ti-cgt-arm_20.2.5.LTS/include" --define=ccs="ccs" --define=PART_TM4C123GH6PM -g --gcc --diag_warning=225 --diag_wrap=off --display_error_number --abi=eabi --preproc_with_compile --preproc_dependency="main.d_raw"  "../main.c"
 
>> Compilation failure
subdir_rules.mk:9: recipe for target 'main.obj' failed
"../main.c", line 7: error #80: expected a type specifier
"../main.c", line 7: error #142-D: unnamed prototyped parameters not allowed when body is present
"../main.c", line 7: error #131: expected a "{"
"../main.c", line 13: warning #12-D: parsing restarts here after previous syntax error
"../main.c", line 14: error #20: identifier "TST" is undefined
"../main.c", line 14: error #20: identifier "LR" is undefined
"../main.c", line 14: error #10: "#" not expected here
"../main.c", line 14: error #29: expected an expression
"../main.c", line 19: warning #12-D: parsing restarts here after previous syntax error
"../main.c", line 19: error #66: expected a ";"
"../main.c", line 19: warning #994-D: missing return statement at end of non-void function "_svc"
"../main.c", line 24: error #143: expression must have pointer-to-object type
"../main.c", line 57: warning #225-D: function "svc_service_add" declared implicitly
"../main.c", line 61: warning #225-D: function "svc_service_sub" declared implicitly
"../main.c", line 63: warning #225-D: function "svc_service_mul" declared implicitly
"../main.c", line 68: warning #225-D: function "svc_service_div" declared implicitly
9 errors detected in the compilation of "../main.c".
gmake: *** [main.obj] Error 1
gmake: Target 'all' not remade because of errors.

**** Build Finished ****

**** Build of configuration Debug for project SupervisorCallException ****

"C:\\ti\\ccs1110\\ccs\\utils\\bin\\gmake" -k -j 16 all -O 
 
Building file: "../main.c"
Invoking: Arm Compiler
"C:/ti/ccs1110/ccs/tools/compiler/ti-cgt-arm_20.2.5.LTS/bin/armcl" -mv7M4 --code_state=16 --float_support=FPv4SPD16 -me --include_path="C:/Users/Henry/MCU.Tiva/Projects/SupervisorCallException" --include_path="C:/ti/ccs1110/ccs/tools/compiler/ti-cgt-arm_20.2.5.LTS/include" --define=ccs="ccs" --define=PART_TM4C123GH6PM -g --gcc --diag_warning=225 --diag_wrap=off --display_error_number --abi=eabi --preproc_with_compile --preproc_dependency="main.d_raw"  "../main.c"
 
>> Compilation failure
subdir_rules.mk:9: recipe for target 'main.obj' failed
"../main.c", line 7: error #80: expected a type specifier
"../main.c", line 7: error #142-D: unnamed prototyped parameters not allowed when body is present
"../main.c", line 7: error #131: expected a "{"
"../main.c", line 13: warning #12-D: parsing restarts here after previous syntax error
"../main.c", line 14: error #20: identifier "TST" is undefined
"../main.c", line 14: error #10: "#" not expected here
"../main.c", line 14: error #41: expected an identifier
"../main.c", line 17: error #66: expected a ";"
"../main.c", line 19: warning #994-D: missing return statement at end of non-void function "_svc"
"../main.c", line 24: error #143: expression must have pointer-to-object type
"../main.c", line 57: warning #225-D: function "svc_service_add" declared implicitly
"../main.c", line 61: warning #225-D: function "svc_service_sub" declared implicitly
"../main.c", line 63: warning #225-D: function "svc_service_mul" declared implicitly
"../main.c", line 68: warning #225-D: function "svc_service_div" declared implicitly
8 errors detected in the compilation of "../main.c".
gmake: *** [main.obj] Error 1
gmake: Target 'all' not remade because of errors.

**** Build Finished ****

**** Build of configuration Debug for project SupervisorCallException ****

"C:\\ti\\ccs1110\\ccs\\utils\\bin\\gmake" -k -j 16 all -O 
 
Building file: "../main.c"
Invoking: Arm Compiler
"C:/ti/ccs1110/ccs/tools/compiler/ti-cgt-arm_20.2.5.LTS/bin/armcl" -mv7M4 --code_state=16 --float_support=FPv4SPD16 -me --include_path="C:/Users/Henry/MCU.Tiva/Projects/SupervisorCallException" --include_path="C:/ti/ccs1110/ccs/tools/compiler/ti-cgt-arm_20.2.5.LTS/include" --define=ccs="ccs" --define=PART_TM4C123GH6PM -g --gcc --diag_warning=225 --diag_wrap=off --display_error_number --abi=eabi --preproc_with_compile --preproc_dependency="main.d_raw"  "../main.c"
 
>> Compilation failure
subdir_rules.mk:9: recipe for target 'main.obj' failed
"../main.c", line 9: error #80: expected a type specifier
"../main.c", line 9: error #142-D: unnamed prototyped parameters not allowed when body is present
"../main.c", line 9: error #131: expected a "{"
"../main.c", line 15: warning #12-D: parsing restarts here after previous syntax error
"../main.c", line 16: error #20: identifier "TST" is undefined
"../main.c", line 16: error #10: "#" not expected here
"../main.c", line 16: error #41: expected an identifier
"../main.c", line 19: error #66: expected a ";"
"../main.c", line 21: warning #994-D: missing return statement at end of non-void function "_svc"
"../main.c", line 26: error #143: expression must have pointer-to-object type
"../main.c", line 59: warning #225-D: function "svc_service_add" declared implicitly
"../main.c", line 63: warning #225-D: function "svc_service_sub" declared implicitly
"../main.c", line 65: warning #225-D: function "svc_service_mul" declared implicitly
"../main.c", line 70: warning #225-D: function "svc_service_div" declared implicitly
8 errors detected in the compilation of "../main.c".
gmake: *** [main.obj] Error 1
gmake: Target 'all' not remade because of errors.

**** Build Finished ****

**** Build of configuration Debug for project Lesson2 ****

"C:\\ti\\ccs1110\\ccs\\utils\\bin\\gmake" -k -j 16 all -O 
 
Building file: "../main.c"
Invoking: Arm Compiler
"C:/ti/ccs1110/ccs/tools/compiler/ti-cgt-arm_20.2.5.LTS/bin/armcl" -mv7M4 --code_state=16 --float_support=FPv4SPD16 -me --include_path="C:/Users/Henry/MCU.Tiva/Projects/Lesson2" --include_path="C:/ti/ccs1110/ccs/tools/compiler/ti-cgt-arm_20.2.5.LTS/include" --define=ccs="ccs" --define=PART_TM4C123GH6PM -g --gcc --diag_warning=225 --diag_wrap=off --display_error_number --abi=eabi --preproc_with_compile --preproc_dependency="main.d_raw"  "../main.c"
Finished building: "../main.c"
 
Building file: "../tm4c123gh6pm_startup_ccs.c"
Invoking: Arm Compiler
"C:/ti/ccs1110/ccs/tools/compiler/ti-cgt-arm_20.2.5.LTS/bin/armcl" -mv7M4 --code_state=16 --float_support=FPv4SPD16 -me --include_path="C:/Users/Henry/MCU.Tiva/Projects/Lesson2" --include_path="C:/ti/ccs1110/ccs/tools/compiler/ti-cgt-arm_20.2.5.LTS/include" --define=ccs="ccs" --define=PART_TM4C123GH6PM -g --gcc --diag_warning=225 --diag_wrap=off --display_error_number --abi=eabi --preproc_with_compile --preproc_dependency="tm4c123gh6pm_startup_ccs.d_raw"  "../tm4c123gh6pm_startup_ccs.c"
Finished building: "../tm4c123gh6pm_startup_ccs.c"
 
Building target: "Lesson2.out"
Invoking: Arm Linker
"C:/ti/ccs1110/ccs/tools/compiler/ti-cgt-arm_20.2.5.LTS/bin/armcl" -mv7M4 --code_state=16 --float_support=FPv4SPD16 -me --define=ccs="ccs" --define=PART_TM4C123GH6PM -g --gcc --diag_warning=225 --diag_wrap=off --display_error_number --abi=eabi -z -m"Lesson2.map" --heap_size=0 --stack_size=512 -i"C:/ti/ccs1110/ccs/tools/compiler/ti-cgt-arm_20.2.5.LTS/lib" -i"C:/ti/ccs1110/ccs/tools/compiler/ti-cgt-arm_20.2.5.LTS/include" --reread_libs --diag_wrap=off --display_error_number --warn_sections --xml_link_info="Lesson2_linkInfo.xml" --rom_model -o "Lesson2.out" "./main.obj" "./tm4c123gh6pm_startup_ccs.obj" "../tm4c123gh6pm.cmd"  -llibc.a 
<Linking>
Finished building target: "Lesson2.out"
 

**** Build Finished ****

**** Build of configuration Debug for project Lesson2 ****

"C:\\ti\\ccs1110\\ccs\\utils\\bin\\gmake" -k -j 16 all -O 
 
gmake[1]: 'Lesson2.out' is up to date.

**** Build Finished ****

**** Build of configuration Debug for project Lesson2 ****

"C:\\ti\\ccs1110\\ccs\\utils\\bin\\gmake" -k -j 16 all -O 
 
Building file: "../main.c"
Invoking: Arm Compiler
"C:/ti/ccs1110/ccs/tools/compiler/ti-cgt-arm_20.2.5.LTS/bin/armcl" -mv7M4 --code_state=16 --float_support=FPv4SPD16 -me --include_path="C:/Users/Henry/MCU.Tiva/Projects/Lesson2" --include_path="C:/ti/ccs1110/ccs/tools/compiler/ti-cgt-arm_20.2.5.LTS/include" --define=ccs="ccs" --define=PART_TM4C123GH6PM -g --gcc --diag_warning=225 --diag_wrap=off --display_error_number --abi=eabi --preproc_with_compile --preproc_dependency="main.d_raw"  "../main.c"
Finished building: "../main.c"
 
Building target: "Lesson2.out"
Invoking: Arm Linker
"C:/ti/ccs1110/ccs/tools/compiler/ti-cgt-arm_20.2.5.LTS/bin/armcl" -mv7M4 --code_state=16 --float_support=FPv4SPD16 -me --define=ccs="ccs" --define=PART_TM4C123GH6PM -g --gcc --diag_warning=225 --diag_wrap=off --display_error_number --abi=eabi -z -m"Lesson2.map" --heap_size=0 --stack_size=512 -i"C:/ti/ccs1110/ccs/tools/compiler/ti-cgt-arm_20.2.5.LTS/lib" -i"C:/ti/ccs1110/ccs/tools/compiler/ti-cgt-arm_20.2.5.LTS/include" --reread_libs --diag_wrap=off --display_error_number --warn_sections --xml_link_info="Lesson2_linkInfo.xml" --rom_model -o "Lesson2.out" "./main.obj" "./tm4c123gh6pm_startup_ccs.obj" "../tm4c123gh6pm.cmd"  -llibc.a 
<Linking>
Finished building target: "Lesson2.out"
 

**** Build Finished ****

**** Build of configuration Debug for project Lesson2 ****

"C:\\ti\\ccs1110\\ccs\\utils\\bin\\gmake" -k -j 16 all -O 
 
gmake[1]: 'Lesson2.out' is up to date.

**** Build Finished ****

**** Build of configuration Debug for project Blinky ****

"C:\\ti\\ccs1110\\ccs\\utils\\bin\\gmake" -k -j 16 all -O 
 
Building file: "../main.c"
Invoking: Arm Compiler
"C:/ti/ccs1110/ccs/tools/compiler/ti-cgt-arm_20.2.5.LTS/bin/armcl" -mv7M4 --code_state=16 --float_support=FPv4SPD16 -me --include_path="C:/Users/Henry/MCU.Tiva/Projects/Blinky" --include_path="C:/ti/ccs1110/ccs/tools/compiler/ti-cgt-arm_20.2.5.LTS/include" --define=ccs="ccs" --define=PART_TM4C123GH6PM -g --gcc --diag_warning=225 --diag_wrap=off --display_error_number --abi=eabi --preproc_with_compile --preproc_dependency="main.d_raw"  "../main.c"
Finished building: "../main.c"
 
Building file: "../tm4c123gh6pm_startup_ccs.c"
Invoking: Arm Compiler
"C:/ti/ccs1110/ccs/tools/compiler/ti-cgt-arm_20.2.5.LTS/bin/armcl" -mv7M4 --code_state=16 --float_support=FPv4SPD16 -me --include_path="C:/Users/Henry/MCU.Tiva/Projects/Blinky" --include_path="C:/ti/ccs1110/ccs/tools/compiler/ti-cgt-arm_20.2.5.LTS/include" --define=ccs="ccs" --define=PART_TM4C123GH6PM -g --gcc --diag_warning=225 --diag_wrap=off --display_error_number --abi=eabi --preproc_with_compile --preproc_dependency="tm4c123gh6pm_startup_ccs.d_raw"  "../tm4c123gh6pm_startup_ccs.c"
Finished building: "../tm4c123gh6pm_startup_ccs.c"
 
Building target: "Blinky.out"
Invoking: Arm Linker
"C:/ti/ccs1110/ccs/tools/compiler/ti-cgt-arm_20.2.5.LTS/bin/armcl" -mv7M4 --code_state=16 --float_support=FPv4SPD16 -me --define=ccs="ccs" --define=PART_TM4C123GH6PM -g --gcc --diag_warning=225 --diag_wrap=off --display_error_number --abi=eabi -z -m"Blinky.map" --heap_size=0 --stack_size=512 -i"C:/ti/ccs1110/ccs/tools/compiler/ti-cgt-arm_20.2.5.LTS/lib" -i"C:/ti/ccs1110/ccs/tools/compiler/ti-cgt-arm_20.2.5.LTS/include" --reread_libs --diag_wrap=off --display_error_number --warn_sections --xml_link_info="Blinky_linkInfo.xml" --rom_model -o "Blinky.out" "./main.obj" "./tm4c123gh6pm_startup_ccs.obj" "../tm4c123gh6pm.cmd"  -llibc.a 
<Linking>
Finished building target: "Blinky.out"
 

**** Build Finished ****

**** Build of configuration Debug for project Blinky ****

"C:\\ti\\ccs1110\\ccs\\utils\\bin\\gmake" -k -j 16 all -O 
 
gmake[1]: 'Blinky.out' is up to date.

**** Build Finished ****

**** Build of configuration Debug for project Blinky ****

"C:\\ti\\ccs1110\\ccs\\utils\\bin\\gmake" -k -j 16 all -O 
 
gmake[1]: 'Blinky.out' is up to date.

**** Build Finished ****

**** Build of configuration Debug for project Blinky ****

"C:\\ti\\ccs1110\\ccs\\utils\\bin\\gmake" -k -j 16 all -O 
 
gmake[1]: 'Blinky.out' is up to date.

**** Build Finished ****

**** Build of configuration Debug for project Blinky ****

"C:\\ti\\ccs1110\\ccs\\utils\\bin\\gmake" -k -j 16 all -O 
 
Building file: "../main.c"
Invoking: Arm Compiler
"C:/ti/ccs1110/ccs/tools/compiler/ti-cgt-arm_20.2.5.LTS/bin/armcl" -mv7M4 --code_state=16 --float_support=FPv4SPD16 -me --include_path="C:/Users/Henry/MCU.Tiva/Projects/Blinky" --include_path="C:/ti/ccs1110/ccs/tools/compiler/ti-cgt-arm_20.2.5.LTS/include" --define=ccs="ccs" --define=PART_TM4C123GH6PM -g --gcc --diag_warning=225 --diag_wrap=off --display_error_number --abi=eabi --preproc_with_compile --preproc_dependency="main.d_raw"  "../main.c"
 
>> Compilation failure
subdir_rules.mk:9: recipe for target 'main.obj' failed
"../main.c", line 4: error #20: identifier "uint32_t" is undefined
"../main.c", line 5: error #20: identifier "uint32_t" is undefined
"../main.c", line 6: error #20: identifier "uint32_t" is undefined
"../main.c", line 9: error #20: identifier "uint32_t" is undefined
"../main.c", line 16: error #20: identifier "uint32_t" is undefined
5 errors detected in the compilation of "../main.c".
gmake: *** [main.obj] Error 1
gmake: Target 'all' not remade because of errors.

**** Build Finished ****

**** Build of configuration Debug for project Blinky ****

"C:\\ti\\ccs1110\\ccs\\utils\\bin\\gmake" -k -j 16 all -O 
 
Building file: "../main.c"
Invoking: Arm Compiler
"C:/ti/ccs1110/ccs/tools/compiler/ti-cgt-arm_20.2.5.LTS/bin/armcl" -mv7M4 --code_state=16 --float_support=FPv4SPD16 -me --include_path="C:/Users/Henry/MCU.Tiva/Projects/Blinky" --include_path="C:/ti/ccs1110/ccs/tools/compiler/ti-cgt-arm_20.2.5.LTS/include" --define=ccs="ccs" --define=PART_TM4C123GH6PM -g --gcc --diag_warning=225 --diag_wrap=off --display_error_number --abi=eabi --preproc_with_compile --preproc_dependency="main.d_raw"  "../main.c"
Finished building: "../main.c"
 
Building target: "Blinky.out"
Invoking: Arm Linker
"C:/ti/ccs1110/ccs/tools/compiler/ti-cgt-arm_20.2.5.LTS/bin/armcl" -mv7M4 --code_state=16 --float_support=FPv4SPD16 -me --define=ccs="ccs" --define=PART_TM4C123GH6PM -g --gcc --diag_warning=225 --diag_wrap=off --display_error_number --abi=eabi -z -m"Blinky.map" --heap_size=0 --stack_size=512 -i"C:/ti/ccs1110/ccs/tools/compiler/ti-cgt-arm_20.2.5.LTS/lib" -i"C:/ti/ccs1110/ccs/tools/compiler/ti-cgt-arm_20.2.5.LTS/include" --reread_libs --diag_wrap=off --display_error_number --warn_sections --xml_link_info="Blinky_linkInfo.xml" --rom_model -o "Blinky.out" "./main.obj" "./tm4c123gh6pm_startup_ccs.obj" "../tm4c123gh6pm.cmd"  -llibc.a 
<Linking>
Finished building target: "Blinky.out"
 

**** Build Finished ****

**** Build of configuration Debug for project Blinky ****

"C:\\ti\\ccs1110\\ccs\\utils\\bin\\gmake" -k -j 16 all -O 
 
gmake[1]: 'Blinky.out' is up to date.

**** Build Finished ****

**** Build of configuration Debug for project BlinkyBitShift ****

"C:\\ti\\ccs1110\\ccs\\utils\\bin\\gmake" -k -j 16 all -O 
 
Building file: "../main.c"
Invoking: Arm Compiler
"C:/ti/ccs1110/ccs/tools/compiler/ti-cgt-arm_20.2.5.LTS/bin/armcl" -mv7M4 --code_state=16 --float_support=FPv4SPD16 -me --include_path="C:/Users/Henry/MCU.Tiva/Projects/BlinkyBitShift" --include_path="C:/ti/ccs1110/ccs/tools/compiler/ti-cgt-arm_20.2.5.LTS/include" --define=ccs="ccs" --define=PART_TM4C123GH6PM -g --gcc --diag_warning=225 --diag_wrap=off --display_error_number --abi=eabi --preproc_with_compile --preproc_dependency="main.d_raw"  "../main.c"
 
>> Compilation failure
subdir_rules.mk:9: recipe for target 'main.obj' failed
"../main.c", line 7: error #20: identifier "uint32_t" is undefined
"../main.c", line 8: error #20: identifier "uint32_t" is undefined
"../main.c", line 9: error #20: identifier "uint32_t" is undefined
"../main.c", line 10: error #20: identifier "uint32_t" is undefined
"../main.c", line 12: error #20: identifier "uint32_t" is undefined
"../main.c", line 16: error #20: identifier "uint32_t" is undefined
"../main.c", line 24: error #20: identifier "uint32_t" is undefined
7 errors detected in the compilation of "../main.c".
gmake: *** [main.obj] Error 1
Building file: "../tm4c123gh6pm_startup_ccs.c"
Invoking: Arm Compiler
"C:/ti/ccs1110/ccs/tools/compiler/ti-cgt-arm_20.2.5.LTS/bin/armcl" -mv7M4 --code_state=16 --float_support=FPv4SPD16 -me --include_path="C:/Users/Henry/MCU.Tiva/Projects/BlinkyBitShift" --include_path="C:/ti/ccs1110/ccs/tools/compiler/ti-cgt-arm_20.2.5.LTS/include" --define=ccs="ccs" --define=PART_TM4C123GH6PM -g --gcc --diag_warning=225 --diag_wrap=off --display_error_number --abi=eabi --preproc_with_compile --preproc_dependency="tm4c123gh6pm_startup_ccs.d_raw"  "../tm4c123gh6pm_startup_ccs.c"
Finished building: "../tm4c123gh6pm_startup_ccs.c"
 
gmake: Target 'all' not remade because of errors.

**** Build Finished ****

**** Build of configuration Debug for project BlinkyBitShift ****

"C:\\ti\\ccs1110\\ccs\\utils\\bin\\gmake" -k -j 16 all -O 
 
Building file: "../main.c"
Invoking: Arm Compiler
"C:/ti/ccs1110/ccs/tools/compiler/ti-cgt-arm_20.2.5.LTS/bin/armcl" -mv7M4 --code_state=16 --float_support=FPv4SPD16 -me --include_path="C:/Users/Henry/MCU.Tiva/Projects/BlinkyBitShift" --include_path="C:/ti/ccs1110/ccs/tools/compiler/ti-cgt-arm_20.2.5.LTS/include" --define=ccs="ccs" --define=PART_TM4C123GH6PM -g --gcc --diag_warning=225 --diag_wrap=off --display_error_number --abi=eabi --preproc_with_compile --preproc_dependency="main.d_raw"  "../main.c"
Finished building: "../main.c"
 
Building target: "BlinkyBitShift.out"
Invoking: Arm Linker
"C:/ti/ccs1110/ccs/tools/compiler/ti-cgt-arm_20.2.5.LTS/bin/armcl" -mv7M4 --code_state=16 --float_support=FPv4SPD16 -me --define=ccs="ccs" --define=PART_TM4C123GH6PM -g --gcc --diag_warning=225 --diag_wrap=off --display_error_number --abi=eabi -z -m"BlinkyBitShift.map" --heap_size=0 --stack_size=512 -i"C:/ti/ccs1110/ccs/tools/compiler/ti-cgt-arm_20.2.5.LTS/lib" -i"C:/ti/ccs1110/ccs/tools/compiler/ti-cgt-arm_20.2.5.LTS/include" --reread_libs --diag_wrap=off --display_error_number --warn_sections --xml_link_info="BlinkyBitShift_linkInfo.xml" --rom_model -o "BlinkyBitShift.out" "./main.obj" "./tm4c123gh6pm_startup_ccs.obj" "../tm4c123gh6pm.cmd"  -llibc.a 
<Linking>
Finished building target: "BlinkyBitShift.out"
 

**** Build Finished ****

**** Build of configuration Debug for project BlinkyBitShift ****

"C:\\ti\\ccs1110\\ccs\\utils\\bin\\gmake" -k -j 16 all -O 
 
gmake[1]: 'BlinkyBitShift.out' is up to date.

**** Build Finished ****
